30-Jan-22 13-25-48-Starting new HTTPS connection (1): www.ncbi.nlm.nih.gov:443
30-Jan-22 13-25-52-https://www.ncbi.nlm.nih.gov:443 "GET /pmc/articles/PMC7291292/ HTTP/1.1" 200 None
30-Jan-22 13-25-53-Resetting dropped connection: www.ncbi.nlm.nih.gov
30-Jan-22 13-25-55-https://www.ncbi.nlm.nih.gov:443 "GET /pmc/articles/PMC7291292/bin/NIHMS1589843-supplement-1.pdf HTTP/1.1" 200 2015531
30-Jan-22 13-26-02-https://www.ncbi.nlm.nih.gov:443 "GET / HTTP/1.1" 200 8848
30-Jan-22 13-26-02-Starting new HTTPS connection (1): www.ncbi.nlm.nih.govhttp:443
30-Jan-22 13-26-03-https://www.ncbi.nlm.nih.gov:443 "GET / HTTP/1.1" 200 8848
30-Jan-22 13-26-03-https://www.ncbi.nlm.nih.gov:443 "GET / HTTP/1.1" 200 8848
30-Jan-22 13-26-04-https://www.ncbi.nlm.nih.gov:443 "GET / HTTP/1.1" 200 8848
30-Jan-22 13-26-04-https://www.ncbi.nlm.nih.gov:443 "GET / HTTP/1.1" 200 8848
30-Jan-22 13-26-04-https://www.ncbi.nlm.nih.gov:443 "GET / HTTP/1.1" 200 8848
30-Jan-22 13-26-05-https://www.ncbi.nlm.nih.gov:443 "GET / HTTP/1.1" 200 8848
30-Jan-22 13-26-05-https://www.ncbi.nlm.nih.gov:443 "GET / HTTP/1.1" 200 8848
30-Jan-22 13-26-06-https://www.ncbi.nlm.nih.gov:443 "GET / HTTP/1.1" 200 8848
30-Jan-22 13-26-06-https://www.ncbi.nlm.nih.gov:443 "GET / HTTP/1.1" 200 8848
30-Jan-22 13-26-06-Resetting dropped connection: www.ncbi.nlm.nih.gov
30-Jan-22 13-26-08-https://www.ncbi.nlm.nih.gov:443 "GET / HTTP/1.1" 200 8848
30-Jan-22 13-26-09-https://www.ncbi.nlm.nih.gov:443 "GET / HTTP/1.1" 200 8848
30-Jan-22 13-26-09-https://www.ncbi.nlm.nih.gov:443 "GET / HTTP/1.1" 200 8848
30-Jan-22 13-26-10-https://www.ncbi.nlm.nih.gov:443 "GET / HTTP/1.1" 200 8848
30-Jan-22 13-26-11-https://www.ncbi.nlm.nih.gov:443 "GET / HTTP/1.1" 200 8848
30-Jan-22 13-26-11-https://www.ncbi.nlm.nih.gov:443 "GET / HTTP/1.1" 200 8848
30-Jan-22 13-26-12-https://www.ncbi.nlm.nih.gov:443 "GET / HTTP/1.1" 200 8848
30-Jan-22 13-26-13-https://www.ncbi.nlm.nih.gov:443 "GET / HTTP/1.1" 200 8848
30-Jan-22 13-26-13-https://www.ncbi.nlm.nih.gov:443 "GET / HTTP/1.1" 200 8848
30-Jan-22 13-26-14-https://www.ncbi.nlm.nih.gov:443 "GET / HTTP/1.1" 200 8848
30-Jan-22 13-26-15-https://www.ncbi.nlm.nih.gov:443 "GET / HTTP/1.1" 200 8848
30-Jan-22 13-26-15-Resetting dropped connection: www.ncbi.nlm.nih.gov
30-Jan-22 13-26-17-https://www.ncbi.nlm.nih.gov:443 "GET / HTTP/1.1" 200 8848
30-Jan-22 13-26-17-https://www.ncbi.nlm.nih.gov:443 "GET / HTTP/1.1" 200 8848
30-Jan-22 13-26-18-https://www.ncbi.nlm.nih.gov:443 "GET / HTTP/1.1" 200 8848
30-Jan-22 13-26-19-https://www.ncbi.nlm.nih.gov:443 "GET / HTTP/1.1" 200 8848
30-Jan-22 13-26-19-https://www.ncbi.nlm.nih.gov:443 "GET / HTTP/1.1" 200 8848
30-Jan-22 13-26-20-https://www.ncbi.nlm.nih.gov:443 "GET / HTTP/1.1" 200 8848
30-Jan-22 13-26-21-https://www.ncbi.nlm.nih.gov:443 "GET / HTTP/1.1" 200 8848
30-Jan-22 13-26-21-Starting new HTTPS connection (1): null:443
30-Jan-22 13-26-23-Starting new HTTPS connection (2): null:443
30-Jan-22 13-26-26-Resetting dropped connection: www.ncbi.nlm.nih.gov
30-Jan-22 13-26-28-https://www.ncbi.nlm.nih.gov:443 "GET / HTTP/1.1" 200 8848
30-Jan-22 13-26-29-https://www.ncbi.nlm.nih.gov:443 "GET / HTTP/1.1" 200 8848
30-Jan-22 13-26-29-https://www.ncbi.nlm.nih.gov:443 "GET / HTTP/1.1" 200 8848
30-Jan-22 13-26-31-https://www.ncbi.nlm.nih.gov:443 "GET /nuccore/L34959 HTTP/1.1" 200 None
30-Jan-22 13-26-32-https://www.ncbi.nlm.nih.gov:443 "GET / HTTP/1.1" 200 8848
30-Jan-22 13-26-32-https://www.ncbi.nlm.nih.gov:443 "GET / HTTP/1.1" 200 8848
30-Jan-22 13-26-33-https://www.ncbi.nlm.nih.gov:443 "GET / HTTP/1.1" 200 8848
30-Jan-22 13-26-33-https://www.ncbi.nlm.nih.gov:443 "GET / HTTP/1.1" 200 8848
30-Jan-22 13-26-33-Starting new HTTPS connection (2): www.ncbi.nlm.nih.govhttp:443
30-Jan-22 13-26-34-https://www.ncbi.nlm.nih.gov:443 "GET / HTTP/1.1" 200 8848
30-Jan-22 13-26-35-https://www.ncbi.nlm.nih.gov:443 "GET / HTTP/1.1" 200 8848
30-Jan-22 13-26-35-https://www.ncbi.nlm.nih.gov:443 "GET / HTTP/1.1" 200 8848
30-Jan-22 13-26-35-Resetting dropped connection: www.ncbi.nlm.nih.gov
30-Jan-22 13-26-38-https://www.ncbi.nlm.nih.gov:443 "GET /pmc/articles/PMC7291292/figure/F1/ HTTP/1.1" 200 None
30-Jan-22 13-26-38-Starting new HTTPS connection (2): www.ncbi.nlm.nih.gov:443
30-Jan-22 13-26-40-https://www.ncbi.nlm.nih.gov:443 "GET / HTTP/1.1" 200 8848
30-Jan-22 13-26-40-https://www.ncbi.nlm.nih.gov:443 "GET / HTTP/1.1" 200 8848
30-Jan-22 13-26-41-https://www.ncbi.nlm.nih.gov:443 "GET / HTTP/1.1" 200 8848
30-Jan-22 13-26-42-https://www.ncbi.nlm.nih.gov:443 "GET /pmc/articles/PMC7291292/figure/F1/ HTTP/1.1" 200 None
30-Jan-22 13-26-42-Starting new HTTPS connection (3): www.ncbi.nlm.nih.gov:443
30-Jan-22 13-26-44-https://www.ncbi.nlm.nih.gov:443 "GET / HTTP/1.1" 200 8848
30-Jan-22 13-26-44-https://www.ncbi.nlm.nih.gov:443 "GET / HTTP/1.1" 200 8848
30-Jan-22 13-26-45-https://www.ncbi.nlm.nih.gov:443 "GET / HTTP/1.1" 200 8848
30-Jan-22 13-26-46-https://www.ncbi.nlm.nih.gov:443 "GET / HTTP/1.1" 200 8848
30-Jan-22 13-26-46-https://www.ncbi.nlm.nih.gov:443 "GET /pmc/articles/PMC7291292/figure/F1/ HTTP/1.1" 200 None
30-Jan-22 13-26-46-Starting new HTTPS connection (4): www.ncbi.nlm.nih.gov:443
30-Jan-22 13-26-48-https://www.ncbi.nlm.nih.gov:443 "GET / HTTP/1.1" 200 8848
30-Jan-22 13-26-49-https://www.ncbi.nlm.nih.gov:443 "GET /pmc/articles/PMC7291292/figure/F1/ HTTP/1.1" 200 None
30-Jan-22 13-26-49-Starting new HTTPS connection (5): www.ncbi.nlm.nih.gov:443
30-Jan-22 13-26-50-https://www.ncbi.nlm.nih.gov:443 "GET /pmc/articles/PMC7291292/figure/F1/?report=objectonly HTTP/1.1" 200 None
30-Jan-22 13-26-50-Starting new HTTPS connection (6): www.ncbi.nlm.nih.gov:443
30-Jan-22 13-26-52-https://www.ncbi.nlm.nih.gov:443 "GET /pmc/articles/PMC7291292/figure/F1/ HTTP/1.1" 200 None
30-Jan-22 13-26-52-Starting new HTTPS connection (7): www.ncbi.nlm.nih.gov:443
30-Jan-22 13-26-54-https://www.ncbi.nlm.nih.gov:443 "GET / HTTP/1.1" 200 8848
30-Jan-22 13-26-54-https://www.ncbi.nlm.nih.gov:443 "GET / HTTP/1.1" 200 8848
30-Jan-22 13-26-55-https://www.ncbi.nlm.nih.gov:443 "GET / HTTP/1.1" 200 8848
30-Jan-22 13-26-56-https://www.ncbi.nlm.nih.gov:443 "GET /pmc/articles/PMC7291292/figure/F1/ HTTP/1.1" 200 None
30-Jan-22 13-26-56-Starting new HTTPS connection (8): www.ncbi.nlm.nih.gov:443
30-Jan-22 13-26-57-https://www.ncbi.nlm.nih.gov:443 "GET / HTTP/1.1" 200 8848
30-Jan-22 13-26-58-https://www.ncbi.nlm.nih.gov:443 "GET / HTTP/1.1" 200 8848
30-Jan-22 13-26-58-https://www.ncbi.nlm.nih.gov:443 "GET /pmc/articles/PMC7291292/figure/F1/ HTTP/1.1" 200 None
30-Jan-22 13-26-58-Starting new HTTPS connection (9): www.ncbi.nlm.nih.gov:443
30-Jan-22 13-27-01-https://www.ncbi.nlm.nih.gov:443 "GET / HTTP/1.1" 200 8848
30-Jan-22 13-27-01-https://www.ncbi.nlm.nih.gov:443 "GET / HTTP/1.1" 200 8848
30-Jan-22 13-27-02-https://www.ncbi.nlm.nih.gov:443 "GET / HTTP/1.1" 200 8848
30-Jan-22 13-27-03-https://www.ncbi.nlm.nih.gov:443 "GET / HTTP/1.1" 200 8848
30-Jan-22 13-27-03-Starting new HTTPS connection (1): www.ncbi.nlm.nih.govhttps:443
30-Jan-22 13-27-04-Starting new HTTPS connection (10): www.ncbi.nlm.nih.gov:443
30-Jan-22 13-27-05-https://www.ncbi.nlm.nih.gov:443 "GET / HTTP/1.1" 200 8848
30-Jan-22 13-27-05-https://www.ncbi.nlm.nih.gov:443 "GET / HTTP/1.1" 200 8848
30-Jan-22 13-27-06-https://www.ncbi.nlm.nih.gov:443 "GET / HTTP/1.1" 200 8848
30-Jan-22 13-27-07-https://www.ncbi.nlm.nih.gov:443 "GET /pmc/articles/PMC7291292/figure/F2/ HTTP/1.1" 200 None
30-Jan-22 13-27-07-Starting new HTTPS connection (11): www.ncbi.nlm.nih.gov:443
30-Jan-22 13-27-09-https://www.ncbi.nlm.nih.gov:443 "GET /pmc/articles/PMC7291292/figure/F2/ HTTP/1.1" 200 None
30-Jan-22 13-27-09-Starting new HTTPS connection (12): www.ncbi.nlm.nih.gov:443
30-Jan-22 13-27-11-https://www.ncbi.nlm.nih.gov:443 "GET /pmc/articles/PMC7291292/figure/F2/ HTTP/1.1" 200 None
30-Jan-22 13-27-11-Starting new HTTPS connection (13): www.ncbi.nlm.nih.gov:443
30-Jan-22 13-27-12-https://www.ncbi.nlm.nih.gov:443 "GET / HTTP/1.1" 200 8848
30-Jan-22 13-27-13-https://www.ncbi.nlm.nih.gov:443 "GET /pmc/articles/PMC7291292/figure/F2/ HTTP/1.1" 200 None
30-Jan-22 13-27-13-Starting new HTTPS connection (14): www.ncbi.nlm.nih.gov:443
30-Jan-22 13-27-15-https://www.ncbi.nlm.nih.gov:443 "GET /pmc/articles/PMC7291292/figure/F2/ HTTP/1.1" 200 None
30-Jan-22 13-27-15-Starting new HTTPS connection (15): www.ncbi.nlm.nih.gov:443
30-Jan-22 13-27-17-https://www.ncbi.nlm.nih.gov:443 "GET /pmc/articles/PMC7291292/figure/F2/ HTTP/1.1" 200 None
30-Jan-22 13-27-17-Starting new HTTPS connection (16): www.ncbi.nlm.nih.gov:443
30-Jan-22 13-27-20-https://www.ncbi.nlm.nih.gov:443 "GET / HTTP/1.1" 200 8848
30-Jan-22 13-27-20-https://www.ncbi.nlm.nih.gov:443 "GET / HTTP/1.1" 200 8848
30-Jan-22 13-27-21-https://www.ncbi.nlm.nih.gov:443 "GET /pmc/articles/PMC7291292/figure/F2/ HTTP/1.1" 200 None
30-Jan-22 13-27-21-Starting new HTTPS connection (17): www.ncbi.nlm.nih.gov:443
30-Jan-22 13-27-22-https://www.ncbi.nlm.nih.gov:443 "GET /pmc/articles/PMC7291292/figure/F2/?report=objectonly HTTP/1.1" 200 None
30-Jan-22 13-27-22-Starting new HTTPS connection (18): www.ncbi.nlm.nih.gov:443
30-Jan-22 13-27-25-https://www.ncbi.nlm.nih.gov:443 "GET /pmc/articles/PMC7291292/figure/F2/ HTTP/1.1" 200 None
30-Jan-22 13-27-25-Starting new HTTPS connection (19): www.ncbi.nlm.nih.gov:443
30-Jan-22 13-27-27-https://www.ncbi.nlm.nih.gov:443 "GET / HTTP/1.1" 200 8848
30-Jan-22 13-27-28-https://www.ncbi.nlm.nih.gov:443 "GET / HTTP/1.1" 200 8848
30-Jan-22 13-27-28-https://www.ncbi.nlm.nih.gov:443 "GET /pmc/articles/PMC7291292/figure/F3/ HTTP/1.1" 200 None
30-Jan-22 13-27-28-Starting new HTTPS connection (20): www.ncbi.nlm.nih.gov:443
30-Jan-22 13-27-30-https://www.ncbi.nlm.nih.gov:443 "GET / HTTP/1.1" 200 8848
30-Jan-22 13-27-31-https://www.ncbi.nlm.nih.gov:443 "GET / HTTP/1.1" 200 8848
30-Jan-22 13-27-31-https://www.ncbi.nlm.nih.gov:443 "GET /pmc/articles/PMC7291292/figure/F3/ HTTP/1.1" 200 None
30-Jan-22 13-27-31-Starting new HTTPS connection (21): www.ncbi.nlm.nih.gov:443
30-Jan-22 13-27-33-https://www.ncbi.nlm.nih.gov:443 "GET / HTTP/1.1" 200 8848
30-Jan-22 13-27-34-Starting new HTTPS connection (22): www.ncbi.nlm.nih.gov:443
30-Jan-22 13-27-36-https://www.ncbi.nlm.nih.gov:443 "GET /pmc/articles/PMC7291292/figure/F3/ HTTP/1.1" 200 None
30-Jan-22 13-27-36-Starting new HTTPS connection (23): www.ncbi.nlm.nih.gov:443
30-Jan-22 13-27-38-https://www.ncbi.nlm.nih.gov:443 "GET / HTTP/1.1" 200 8848
30-Jan-22 13-27-38-https://www.ncbi.nlm.nih.gov:443 "GET / HTTP/1.1" 200 8848
30-Jan-22 13-27-39-https://www.ncbi.nlm.nih.gov:443 "GET / HTTP/1.1" 200 8848
30-Jan-22 13-27-40-https://www.ncbi.nlm.nih.gov:443 "GET / HTTP/1.1" 200 8848
30-Jan-22 13-27-40-https://www.ncbi.nlm.nih.gov:443 "GET /pmc/articles/PMC7291292/figure/F1/ HTTP/1.1" 200 None
30-Jan-22 13-27-40-Starting new HTTPS connection (24): www.ncbi.nlm.nih.gov:443
30-Jan-22 13-27-43-https://www.ncbi.nlm.nih.gov:443 "GET /pmc/articles/PMC7291292/figure/F2/ HTTP/1.1" 200 None
30-Jan-22 13-27-43-Starting new HTTPS connection (25): www.ncbi.nlm.nih.gov:443
30-Jan-22 13-27-45-https://www.ncbi.nlm.nih.gov:443 "GET /pmc/articles/PMC7291292/figure/F3/ HTTP/1.1" 200 None
30-Jan-22 13-27-45-Starting new HTTPS connection (26): www.ncbi.nlm.nih.gov:443
30-Jan-22 13-27-47-https://www.ncbi.nlm.nih.gov:443 "GET /pmc/articles/PMC7291292/figure/F3/?report=objectonly HTTP/1.1" 200 None
30-Jan-22 13-27-47-Starting new HTTPS connection (27): www.ncbi.nlm.nih.gov:443
30-Jan-22 13-27-49-https://www.ncbi.nlm.nih.gov:443 "GET /pmc/articles/PMC7291292/figure/F3/ HTTP/1.1" 200 None
30-Jan-22 13-27-49-Starting new HTTPS connection (28): www.ncbi.nlm.nih.gov:443
30-Jan-22 13-27-50-https://www.ncbi.nlm.nih.gov:443 "GET / HTTP/1.1" 200 8848
30-Jan-22 13-27-51-https://www.ncbi.nlm.nih.gov:443 "GET / HTTP/1.1" 200 8848
30-Jan-22 13-27-52-https://www.ncbi.nlm.nih.gov:443 "GET / HTTP/1.1" 200 8848
30-Jan-22 13-27-52-https://www.ncbi.nlm.nih.gov:443 "GET / HTTP/1.1" 200 8848
30-Jan-22 13-27-52-https://www.ncbi.nlm.nih.gov:443 "GET / HTTP/1.1" 200 8848
30-Jan-22 13-27-52-https://www.ncbi.nlm.nih.gov:443 "GET / HTTP/1.1" 200 8848
30-Jan-22 13-27-53-https://www.ncbi.nlm.nih.gov:443 "GET / HTTP/1.1" 200 8848
30-Jan-22 13-27-53-https://www.ncbi.nlm.nih.gov:443 "GET /pmc/articles/PMC7291292/figure/F2/ HTTP/1.1" 200 None
30-Jan-22 13-27-53-Starting new HTTPS connection (29): www.ncbi.nlm.nih.gov:443
30-Jan-22 13-27-55-https://www.ncbi.nlm.nih.gov:443 "GET /pmc/articles/PMC7291292/figure/F3/ HTTP/1.1" 200 None
30-Jan-22 13-27-55-Starting new HTTPS connection (30): www.ncbi.nlm.nih.gov:443
30-Jan-22 13-27-57-https://www.ncbi.nlm.nih.gov:443 "GET / HTTP/1.1" 200 8848
30-Jan-22 13-27-58-https://www.ncbi.nlm.nih.gov:443 "GET / HTTP/1.1" 200 8848
30-Jan-22 13-27-58-Starting new HTTPS connection (2): www.ncbi.nlm.nih.govhttps:443
30-Jan-22 13-27-59-https://www.ncbi.nlm.nih.gov:443 "GET /pmc/articles/PMC7291292/figure/F3/ HTTP/1.1" 200 None
30-Jan-22 13-27-59-Starting new HTTPS connection (31): www.ncbi.nlm.nih.gov:443
30-Jan-22 13-28-00-https://www.ncbi.nlm.nih.gov:443 "GET /pmc/articles/PMC7291292/figure/F3/ HTTP/1.1" 200 None
30-Jan-22 13-28-00-Starting new HTTPS connection (32): www.ncbi.nlm.nih.gov:443
30-Jan-22 13-28-02-https://www.ncbi.nlm.nih.gov:443 "GET / HTTP/1.1" 200 8848
30-Jan-22 13-28-02-https://www.ncbi.nlm.nih.gov:443 "GET /pmc/articles/PMC7291292/figure/F4/ HTTP/1.1" 200 None
30-Jan-22 13-28-02-Starting new HTTPS connection (33): www.ncbi.nlm.nih.gov:443
30-Jan-22 13-28-05-https://www.ncbi.nlm.nih.gov:443 "GET /pmc/articles/PMC7291292/figure/F4/ HTTP/1.1" 200 None
30-Jan-22 13-28-05-Starting new HTTPS connection (34): www.ncbi.nlm.nih.gov:443
30-Jan-22 13-28-07-https://www.ncbi.nlm.nih.gov:443 "GET /pmc/articles/PMC7291292/figure/F4/ HTTP/1.1" 200 None
30-Jan-22 13-28-07-Starting new HTTPS connection (35): www.ncbi.nlm.nih.gov:443
30-Jan-22 13-28-09-https://www.ncbi.nlm.nih.gov:443 "GET /pmc/articles/PMC7291292/figure/F4/ HTTP/1.1" 200 None
30-Jan-22 13-28-09-Starting new HTTPS connection (36): www.ncbi.nlm.nih.gov:443
30-Jan-22 13-28-12-https://www.ncbi.nlm.nih.gov:443 "GET / HTTP/1.1" 200 8848
30-Jan-22 13-28-12-https://www.ncbi.nlm.nih.gov:443 "GET /pmc/articles/PMC7291292/figure/F3/ HTTP/1.1" 200 None
30-Jan-22 13-28-12-Starting new HTTPS connection (37): www.ncbi.nlm.nih.gov:443
30-Jan-22 13-28-15-https://www.ncbi.nlm.nih.gov:443 "GET /pmc/articles/PMC7291292/figure/F4/ HTTP/1.1" 200 None
30-Jan-22 13-28-15-Starting new HTTPS connection (38): www.ncbi.nlm.nih.gov:443
30-Jan-22 13-28-16-https://www.ncbi.nlm.nih.gov:443 "GET / HTTP/1.1" 200 8848
30-Jan-22 13-28-17-https://www.ncbi.nlm.nih.gov:443 "GET /pmc/articles/PMC7291292/figure/F4/ HTTP/1.1" 200 None
30-Jan-22 13-28-17-Starting new HTTPS connection (39): www.ncbi.nlm.nih.gov:443
30-Jan-22 13-28-19-https://www.ncbi.nlm.nih.gov:443 "GET /pmc/articles/PMC7291292/figure/F4/?report=objectonly HTTP/1.1" 200 None
30-Jan-22 13-28-19-Starting new HTTPS connection (40): www.ncbi.nlm.nih.gov:443
30-Jan-22 13-28-21-https://www.ncbi.nlm.nih.gov:443 "GET /pmc/articles/PMC7291292/figure/F4/ HTTP/1.1" 200 None
30-Jan-22 13-28-21-Starting new HTTPS connection (41): www.ncbi.nlm.nih.gov:443
30-Jan-22 13-28-23-https://www.ncbi.nlm.nih.gov:443 "GET / HTTP/1.1" 200 8848
30-Jan-22 13-28-23-https://www.ncbi.nlm.nih.gov:443 "GET /pmc/articles/PMC7291292/figure/F5/ HTTP/1.1" 200 None
30-Jan-22 13-28-23-Starting new HTTPS connection (42): www.ncbi.nlm.nih.gov:443
30-Jan-22 13-28-25-https://www.ncbi.nlm.nih.gov:443 "GET /pmc/articles/PMC7291292/figure/F5/ HTTP/1.1" 200 None
30-Jan-22 13-28-25-Starting new HTTPS connection (43): www.ncbi.nlm.nih.gov:443
30-Jan-22 13-28-26-https://www.ncbi.nlm.nih.gov:443 "GET /pmc/articles/PMC7291292/figure/F5/ HTTP/1.1" 200 None
30-Jan-22 13-28-26-Starting new HTTPS connection (44): www.ncbi.nlm.nih.gov:443
30-Jan-22 13-28-28-https://www.ncbi.nlm.nih.gov:443 "GET / HTTP/1.1" 200 8848
30-Jan-22 13-28-29-https://www.ncbi.nlm.nih.gov:443 "GET / HTTP/1.1" 200 8848
30-Jan-22 13-28-30-https://www.ncbi.nlm.nih.gov:443 "GET /pmc/articles/PMC7291292/figure/F5/ HTTP/1.1" 200 None
30-Jan-22 13-28-30-Starting new HTTPS connection (45): www.ncbi.nlm.nih.gov:443
30-Jan-22 13-28-32-https://www.ncbi.nlm.nih.gov:443 "GET /pmc/articles/PMC7291292/figure/F5/?report=objectonly HTTP/1.1" 200 None
30-Jan-22 13-28-32-Starting new HTTPS connection (46): www.ncbi.nlm.nih.gov:443
30-Jan-22 13-28-34-https://www.ncbi.nlm.nih.gov:443 "GET /pmc/articles/PMC7291292/figure/F5/ HTTP/1.1" 200 None
30-Jan-22 13-28-34-Starting new HTTPS connection (47): www.ncbi.nlm.nih.gov:443
30-Jan-22 13-28-36-https://www.ncbi.nlm.nih.gov:443 "GET /pmc/articles/PMC7291292/figure/F6/ HTTP/1.1" 200 None
30-Jan-22 13-28-36-Starting new HTTPS connection (48): www.ncbi.nlm.nih.gov:443
30-Jan-22 13-28-38-https://www.ncbi.nlm.nih.gov:443 "GET / HTTP/1.1" 200 8848
30-Jan-22 13-28-38-Starting new HTTPS connection (49): www.ncbi.nlm.nih.gov:443
30-Jan-22 13-28-40-https://www.ncbi.nlm.nih.gov:443 "GET / HTTP/1.1" 200 8848
30-Jan-22 13-28-40-Starting new HTTPS connection (50): www.ncbi.nlm.nih.gov:443
30-Jan-22 13-28-42-https://www.ncbi.nlm.nih.gov:443 "GET /pmc/articles/PMC7291292/figure/F6/ HTTP/1.1" 200 None
30-Jan-22 13-28-42-Starting new HTTPS connection (51): www.ncbi.nlm.nih.gov:443
30-Jan-22 13-28-44-https://www.ncbi.nlm.nih.gov:443 "GET /pmc/articles/PMC7291292/figure/F6/ HTTP/1.1" 200 None
30-Jan-22 13-28-44-Starting new HTTPS connection (52): www.ncbi.nlm.nih.gov:443
30-Jan-22 13-28-46-https://www.ncbi.nlm.nih.gov:443 "GET /pmc/articles/PMC7291292/figure/F6/ HTTP/1.1" 200 None
30-Jan-22 13-28-46-Starting new HTTPS connection (53): www.ncbi.nlm.nih.gov:443
30-Jan-22 13-28-47-https://www.ncbi.nlm.nih.gov:443 "GET /pmc/articles/PMC7291292/figure/F6/?report=objectonly HTTP/1.1" 200 None
30-Jan-22 13-28-47-Starting new HTTPS connection (54): www.ncbi.nlm.nih.gov:443
30-Jan-22 13-28-49-https://www.ncbi.nlm.nih.gov:443 "GET /pmc/articles/PMC7291292/figure/F6/ HTTP/1.1" 200 None
30-Jan-22 13-28-49-Starting new HTTPS connection (55): www.ncbi.nlm.nih.gov:443
30-Jan-22 13-28-51-https://www.ncbi.nlm.nih.gov:443 "GET /pmc/articles/PMC7291292/figure/F6/ HTTP/1.1" 200 None
30-Jan-22 13-28-51-Starting new HTTPS connection (56): www.ncbi.nlm.nih.gov:443
30-Jan-22 13-28-54-https://www.ncbi.nlm.nih.gov:443 "GET /pmc/articles/PMC7291292/figure/F6/ HTTP/1.1" 200 None
30-Jan-22 13-28-54-Starting new HTTPS connection (57): www.ncbi.nlm.nih.gov:443
30-Jan-22 13-28-56-https://www.ncbi.nlm.nih.gov:443 "GET / HTTP/1.1" 200 8848
30-Jan-22 13-28-56-Starting new HTTPS connection (58): www.ncbi.nlm.nih.gov:443
30-Jan-22 13-28-58-https://www.ncbi.nlm.nih.gov:443 "GET / HTTP/1.1" 200 8848
30-Jan-22 13-28-58-Starting new HTTPS connection (59): www.ncbi.nlm.nih.gov:443
30-Jan-22 13-29-00-https://www.ncbi.nlm.nih.gov:443 "GET /pmc/articles/PMC7291292/figure/F6/ HTTP/1.1" 200 None
30-Jan-22 13-29-00-Starting new HTTPS connection (60): www.ncbi.nlm.nih.gov:443
30-Jan-22 13-29-02-https://www.ncbi.nlm.nih.gov:443 "GET /pmc/articles/PMC7291292/figure/F3/ HTTP/1.1" 200 None
30-Jan-22 13-29-02-Starting new HTTPS connection (61): www.ncbi.nlm.nih.gov:443
30-Jan-22 13-29-04-https://www.ncbi.nlm.nih.gov:443 "GET /pmc/articles/PMC7291292/figure/F6/ HTTP/1.1" 200 None
30-Jan-22 13-29-04-Starting new HTTPS connection (62): www.ncbi.nlm.nih.gov:443
30-Jan-22 13-29-06-https://www.ncbi.nlm.nih.gov:443 "GET / HTTP/1.1" 200 8848
30-Jan-22 13-29-06-Starting new HTTPS connection (63): www.ncbi.nlm.nih.gov:443
30-Jan-22 13-29-07-https://www.ncbi.nlm.nih.gov:443 "GET /pmc/articles/PMC7291292/figure/F6/ HTTP/1.1" 200 None
30-Jan-22 13-29-07-Starting new HTTPS connection (64): www.ncbi.nlm.nih.gov:443
30-Jan-22 13-29-09-https://www.ncbi.nlm.nih.gov:443 "GET /pmc/articles/PMC7291292/figure/F6/ HTTP/1.1" 200 None
30-Jan-22 13-29-09-Starting new HTTPS connection (65): www.ncbi.nlm.nih.gov:443
30-Jan-22 13-29-12-https://www.ncbi.nlm.nih.gov:443 "GET /pmc/articles/PMC7291292/figure/F6/ HTTP/1.1" 200 None
30-Jan-22 13-29-12-Starting new HTTPS connection (66): www.ncbi.nlm.nih.gov:443
30-Jan-22 13-29-14-https://www.ncbi.nlm.nih.gov:443 "GET / HTTP/1.1" 200 8848
30-Jan-22 13-29-14-Starting new HTTPS connection (67): www.ncbi.nlm.nih.gov:443
30-Jan-22 13-29-15-https://www.ncbi.nlm.nih.gov:443 "GET / HTTP/1.1" 200 8848
30-Jan-22 13-29-15-Starting new HTTPS connection (68): www.ncbi.nlm.nih.gov:443
30-Jan-22 13-29-18-https://www.ncbi.nlm.nih.gov:443 "GET / HTTP/1.1" 200 8848
30-Jan-22 13-29-18-Starting new HTTPS connection (69): www.ncbi.nlm.nih.gov:443
30-Jan-22 13-29-19-https://www.ncbi.nlm.nih.gov:443 "GET / HTTP/1.1" 200 8848
30-Jan-22 13-29-19-Starting new HTTPS connection (70): www.ncbi.nlm.nih.gov:443
30-Jan-22 13-29-21-https://www.ncbi.nlm.nih.gov:443 "GET / HTTP/1.1" 200 8848
30-Jan-22 13-29-21-Starting new HTTPS connection (71): www.ncbi.nlm.nih.gov:443
30-Jan-22 13-29-22-https://www.ncbi.nlm.nih.gov:443 "GET / HTTP/1.1" 200 8848
30-Jan-22 13-29-22-Starting new HTTPS connection (72): www.ncbi.nlm.nih.gov:443
30-Jan-22 13-29-24-https://www.ncbi.nlm.nih.gov:443 "GET / HTTP/1.1" 200 8848
30-Jan-22 13-29-24-Starting new HTTPS connection (73): www.ncbi.nlm.nih.gov:443
30-Jan-22 13-29-25-https://www.ncbi.nlm.nih.gov:443 "GET / HTTP/1.1" 200 8848
30-Jan-22 13-29-25-Starting new HTTPS connection (74): www.ncbi.nlm.nih.gov:443
30-Jan-22 13-29-28-https://www.ncbi.nlm.nih.gov:443 "GET / HTTP/1.1" 200 8848
30-Jan-22 13-29-28-Starting new HTTPS connection (75): www.ncbi.nlm.nih.gov:443
30-Jan-22 13-29-29-https://www.ncbi.nlm.nih.gov:443 "GET / HTTP/1.1" 200 8848
30-Jan-22 13-29-29-Starting new HTTPS connection (76): www.ncbi.nlm.nih.gov:443
30-Jan-22 13-29-32-https://www.ncbi.nlm.nih.gov:443 "GET / HTTP/1.1" 200 8848
30-Jan-22 13-29-32-Starting new HTTPS connection (77): www.ncbi.nlm.nih.gov:443
30-Jan-22 13-29-34-https://www.ncbi.nlm.nih.gov:443 "GET / HTTP/1.1" 200 8848
30-Jan-22 13-29-34-Starting new HTTPS connection (78): www.ncbi.nlm.nih.gov:443
30-Jan-22 13-29-36-https://www.ncbi.nlm.nih.gov:443 "GET / HTTP/1.1" 200 8848
30-Jan-22 13-29-36-Starting new HTTPS connection (79): www.ncbi.nlm.nih.gov:443
30-Jan-22 13-29-38-https://www.ncbi.nlm.nih.gov:443 "GET / HTTP/1.1" 200 8848
30-Jan-22 13-29-38-Starting new HTTPS connection (80): www.ncbi.nlm.nih.gov:443
30-Jan-22 13-29-40-https://www.ncbi.nlm.nih.gov:443 "GET / HTTP/1.1" 200 8848
30-Jan-22 13-29-40-Starting new HTTPS connection (81): www.ncbi.nlm.nih.gov:443
30-Jan-22 13-29-42-https://www.ncbi.nlm.nih.gov:443 "GET / HTTP/1.1" 200 8848
30-Jan-22 13-29-42-Starting new HTTPS connection (82): www.ncbi.nlm.nih.gov:443
30-Jan-22 13-29-43-https://www.ncbi.nlm.nih.gov:443 "GET / HTTP/1.1" 200 8848
30-Jan-22 13-29-43-Starting new HTTPS connection (83): www.ncbi.nlm.nih.gov:443
30-Jan-22 13-29-45-https://www.ncbi.nlm.nih.gov:443 "GET / HTTP/1.1" 200 8848
30-Jan-22 13-29-45-Starting new HTTPS connection (84): www.ncbi.nlm.nih.gov:443
30-Jan-22 13-29-47-https://www.ncbi.nlm.nih.gov:443 "GET /pmc/articles/PMC7291292/bin/NIHMS1589843-supplement-1.pdf HTTP/1.1" 200 2015531
30-Jan-22 13-29-47-Starting new HTTPS connection (3): www.ncbi.nlm.nih.govhttp:443
30-Jan-22 13-29-47-Starting new HTTPS connection (3): www.ncbi.nlm.nih.govhttps:443
30-Jan-22 13-29-47-Starting new HTTPS connection (85): www.ncbi.nlm.nih.gov:443
30-Jan-22 13-29-48-https://www.ncbi.nlm.nih.gov:443 "GET /pubmed/26294173 HTTP/1.1" 301 249
30-Jan-22 13-29-48-Starting new HTTPS connection (1): pubmed.ncbi.nlm.nih.gov:443
30-Jan-22 13-29-49-https://pubmed.ncbi.nlm.nih.gov:443 "GET /26294173/ HTTP/1.1" 200 None
30-Jan-22 13-29-49-Starting new HTTPS connection (4): www.ncbi.nlm.nih.govhttps:443
30-Jan-22 13-29-49-Starting new HTTPS connection (86): www.ncbi.nlm.nih.gov:443
30-Jan-22 13-29-51-https://www.ncbi.nlm.nih.gov:443 "GET /pubmed/20303878 HTTP/1.1" 301 249
30-Jan-22 13-29-51-Starting new HTTPS connection (2): pubmed.ncbi.nlm.nih.gov:443
30-Jan-22 13-29-52-https://pubmed.ncbi.nlm.nih.gov:443 "GET /20303878/ HTTP/1.1" 200 None
30-Jan-22 13-29-52-Starting new HTTPS connection (5): www.ncbi.nlm.nih.govhttps:443
30-Jan-22 13-29-52-Resetting dropped connection: www.ncbi.nlm.nih.gov
30-Jan-22 13-29-55-https://www.ncbi.nlm.nih.gov:443 "GET /pubmed/18805702 HTTP/1.1" 301 249
30-Jan-22 13-29-55-Starting new HTTPS connection (3): pubmed.ncbi.nlm.nih.gov:443
30-Jan-22 13-29-56-https://pubmed.ncbi.nlm.nih.gov:443 "GET /18805702/ HTTP/1.1" 200 None
30-Jan-22 13-29-56-Starting new HTTPS connection (6): www.ncbi.nlm.nih.govhttps:443
30-Jan-22 13-29-56-Resetting dropped connection: www.ncbi.nlm.nih.gov
30-Jan-22 13-29-57-https://www.ncbi.nlm.nih.gov:443 "GET /pubmed/28465070 HTTP/1.1" 301 249
30-Jan-22 13-29-57-Starting new HTTPS connection (4): pubmed.ncbi.nlm.nih.gov:443
30-Jan-22 13-29-58-https://pubmed.ncbi.nlm.nih.gov:443 "GET /28465070/ HTTP/1.1" 200 None
30-Jan-22 13-29-58-Starting new HTTPS connection (7): www.ncbi.nlm.nih.govhttps:443
30-Jan-22 13-29-58-Starting new HTTPS connection (8): www.ncbi.nlm.nih.govhttps:443
30-Jan-22 13-29-58-Starting new HTTPS connection (87): www.ncbi.nlm.nih.gov:443
30-Jan-22 13-30-00-https://www.ncbi.nlm.nih.gov:443 "GET /pubmed/24388214 HTTP/1.1" 301 249
30-Jan-22 13-30-00-Starting new HTTPS connection (5): pubmed.ncbi.nlm.nih.gov:443
30-Jan-22 13-30-00-https://pubmed.ncbi.nlm.nih.gov:443 "GET /24388214/ HTTP/1.1" 200 None
30-Jan-22 13-30-01-Starting new HTTPS connection (9): www.ncbi.nlm.nih.govhttps:443
30-Jan-22 13-30-01-Starting new HTTPS connection (10): www.ncbi.nlm.nih.govhttps:443
30-Jan-22 13-30-01-Starting new HTTPS connection (88): www.ncbi.nlm.nih.gov:443
30-Jan-22 13-30-02-https://www.ncbi.nlm.nih.gov:443 "GET /pubmed/17490973 HTTP/1.1" 301 249
30-Jan-22 13-30-02-Starting new HTTPS connection (6): pubmed.ncbi.nlm.nih.gov:443
30-Jan-22 13-30-03-https://pubmed.ncbi.nlm.nih.gov:443 "GET /17490973/ HTTP/1.1" 200 None
30-Jan-22 13-30-03-Starting new HTTPS connection (11): www.ncbi.nlm.nih.govhttps:443
30-Jan-22 13-30-03-Resetting dropped connection: www.ncbi.nlm.nih.gov
30-Jan-22 13-30-06-https://www.ncbi.nlm.nih.gov:443 "GET /pmc/articles/PMC3260502/ HTTP/1.1" 200 None
30-Jan-22 13-30-06-Starting new HTTPS connection (89): www.ncbi.nlm.nih.gov:443
30-Jan-22 13-30-08-https://www.ncbi.nlm.nih.gov:443 "GET /pubmed/21850056 HTTP/1.1" 301 249
30-Jan-22 13-30-08-Starting new HTTPS connection (7): pubmed.ncbi.nlm.nih.gov:443
30-Jan-22 13-30-08-https://pubmed.ncbi.nlm.nih.gov:443 "GET /21850056/ HTTP/1.1" 200 None
30-Jan-22 13-30-08-Starting new HTTPS connection (12): www.ncbi.nlm.nih.govhttps:443
30-Jan-22 13-30-08-Resetting dropped connection: www.ncbi.nlm.nih.gov
30-Jan-22 13-30-11-https://www.ncbi.nlm.nih.gov:443 "GET /pmc/articles/PMC1419533/ HTTP/1.1" 200 None
30-Jan-22 13-30-11-Starting new HTTPS connection (90): www.ncbi.nlm.nih.gov:443
30-Jan-22 13-30-13-https://www.ncbi.nlm.nih.gov:443 "GET /pubmed/7429343 HTTP/1.1" 301 248
30-Jan-22 13-30-13-Starting new HTTPS connection (8): pubmed.ncbi.nlm.nih.gov:443
30-Jan-22 13-30-14-https://pubmed.ncbi.nlm.nih.gov:443 "GET /7429343/ HTTP/1.1" 200 None
30-Jan-22 13-30-14-Starting new HTTPS connection (13): www.ncbi.nlm.nih.govhttps:443
30-Jan-22 13-30-14-Resetting dropped connection: www.ncbi.nlm.nih.gov
30-Jan-22 13-30-16-https://www.ncbi.nlm.nih.gov:443 "GET /pmc/articles/PMC4855267/ HTTP/1.1" 200 None
30-Jan-22 13-30-16-Starting new HTTPS connection (91): www.ncbi.nlm.nih.gov:443
30-Jan-22 13-30-17-https://www.ncbi.nlm.nih.gov:443 "GET /pubmed/27195116 HTTP/1.1" 301 249
30-Jan-22 13-30-17-Starting new HTTPS connection (9): pubmed.ncbi.nlm.nih.gov:443
30-Jan-22 13-30-19-https://pubmed.ncbi.nlm.nih.gov:443 "GET /27195116/ HTTP/1.1" 200 None
30-Jan-22 13-30-19-Starting new HTTPS connection (14): www.ncbi.nlm.nih.govhttps:443
30-Jan-22 13-30-19-Resetting dropped connection: www.ncbi.nlm.nih.gov
30-Jan-22 13-30-21-https://www.ncbi.nlm.nih.gov:443 "GET /pmc/articles/PMC5219051/ HTTP/1.1" 200 None
30-Jan-22 13-30-21-Starting new HTTPS connection (92): www.ncbi.nlm.nih.gov:443
30-Jan-22 13-30-24-https://www.ncbi.nlm.nih.gov:443 "GET /pubmed/27866157 HTTP/1.1" 301 249
30-Jan-22 13-30-24-Starting new HTTPS connection (10): pubmed.ncbi.nlm.nih.gov:443
30-Jan-22 13-30-24-https://pubmed.ncbi.nlm.nih.gov:443 "GET /27866157/ HTTP/1.1" 200 None
30-Jan-22 13-30-24-Starting new HTTPS connection (15): www.ncbi.nlm.nih.govhttps:443
30-Jan-22 13-30-24-Resetting dropped connection: www.ncbi.nlm.nih.gov
30-Jan-22 13-30-27-https://www.ncbi.nlm.nih.gov:443 "GET /pmc/articles/PMC4945739/ HTTP/1.1" 200 None
30-Jan-22 13-30-27-Starting new HTTPS connection (93): www.ncbi.nlm.nih.gov:443
30-Jan-22 13-30-28-https://www.ncbi.nlm.nih.gov:443 "GET /pubmed/27348268 HTTP/1.1" 301 249
30-Jan-22 13-30-28-Starting new HTTPS connection (11): pubmed.ncbi.nlm.nih.gov:443
30-Jan-22 13-30-29-https://pubmed.ncbi.nlm.nih.gov:443 "GET /27348268/ HTTP/1.1" 200 None
30-Jan-22 13-30-29-Starting new HTTPS connection (16): www.ncbi.nlm.nih.govhttps:443
30-Jan-22 13-30-29-Resetting dropped connection: www.ncbi.nlm.nih.gov
30-Jan-22 13-30-31-https://www.ncbi.nlm.nih.gov:443 "GET /pmc/articles/PMC4258155/ HTTP/1.1" 200 None
30-Jan-22 13-30-31-Starting new HTTPS connection (94): www.ncbi.nlm.nih.gov:443
30-Jan-22 13-30-32-https://www.ncbi.nlm.nih.gov:443 "GET /pubmed/25266735 HTTP/1.1" 301 249
30-Jan-22 13-30-32-Starting new HTTPS connection (12): pubmed.ncbi.nlm.nih.gov:443
30-Jan-22 13-30-33-https://pubmed.ncbi.nlm.nih.gov:443 "GET /25266735/ HTTP/1.1" 200 None
30-Jan-22 13-30-33-Starting new HTTPS connection (17): www.ncbi.nlm.nih.govhttps:443
30-Jan-22 13-30-33-Starting new HTTPS connection (95): www.ncbi.nlm.nih.gov:443
30-Jan-22 13-30-36-https://www.ncbi.nlm.nih.gov:443 "GET /pubmed/29644622 HTTP/1.1" 301 249
30-Jan-22 13-30-36-Starting new HTTPS connection (13): pubmed.ncbi.nlm.nih.gov:443
30-Jan-22 13-30-37-https://pubmed.ncbi.nlm.nih.gov:443 "GET /29644622/ HTTP/1.1" 200 None
30-Jan-22 13-30-37-Starting new HTTPS connection (18): www.ncbi.nlm.nih.govhttps:443
30-Jan-22 13-30-37-Resetting dropped connection: www.ncbi.nlm.nih.gov
30-Jan-22 13-30-39-https://www.ncbi.nlm.nih.gov:443 "GET /pubmed/18812643 HTTP/1.1" 301 249
30-Jan-22 13-30-39-Starting new HTTPS connection (14): pubmed.ncbi.nlm.nih.gov:443
30-Jan-22 13-30-40-https://pubmed.ncbi.nlm.nih.gov:443 "GET /18812643/ HTTP/1.1" 200 None
30-Jan-22 13-30-40-Starting new HTTPS connection (19): www.ncbi.nlm.nih.govhttps:443
30-Jan-22 13-30-40-Resetting dropped connection: www.ncbi.nlm.nih.gov
30-Jan-22 13-30-43-https://www.ncbi.nlm.nih.gov:443 "GET /pmc/articles/PMC3256734/ HTTP/1.1" 200 None
30-Jan-22 13-30-43-Starting new HTTPS connection (96): www.ncbi.nlm.nih.gov:443
30-Jan-22 13-30-44-https://www.ncbi.nlm.nih.gov:443 "GET /pubmed/19865172 HTTP/1.1" 301 249
30-Jan-22 13-30-44-Starting new HTTPS connection (15): pubmed.ncbi.nlm.nih.gov:443
30-Jan-22 13-30-45-https://pubmed.ncbi.nlm.nih.gov:443 "GET /19865172/ HTTP/1.1" 200 None
30-Jan-22 13-30-45-Starting new HTTPS connection (20): www.ncbi.nlm.nih.govhttps:443
30-Jan-22 13-30-45-Starting new HTTPS connection (21): www.ncbi.nlm.nih.govhttps:443
30-Jan-22 13-30-45-Starting new HTTPS connection (97): www.ncbi.nlm.nih.gov:443
30-Jan-22 13-30-48-https://www.ncbi.nlm.nih.gov:443 "GET /pmc/articles/PMC3807819/ HTTP/1.1" 200 None
30-Jan-22 13-30-48-Starting new HTTPS connection (98): www.ncbi.nlm.nih.gov:443
30-Jan-22 13-30-49-https://www.ncbi.nlm.nih.gov:443 "GET /pubmed/23828891 HTTP/1.1" 301 249
30-Jan-22 13-30-49-Starting new HTTPS connection (16): pubmed.ncbi.nlm.nih.gov:443
30-Jan-22 13-30-51-https://pubmed.ncbi.nlm.nih.gov:443 "GET /23828891/ HTTP/1.1" 200 None
30-Jan-22 13-30-51-Starting new HTTPS connection (22): www.ncbi.nlm.nih.govhttps:443
30-Jan-22 13-30-51-Resetting dropped connection: www.ncbi.nlm.nih.gov
30-Jan-22 13-30-53-https://www.ncbi.nlm.nih.gov:443 "GET /pubmed/27332875 HTTP/1.1" 301 249
30-Jan-22 13-30-53-Starting new HTTPS connection (17): pubmed.ncbi.nlm.nih.gov:443
30-Jan-22 13-30-54-https://pubmed.ncbi.nlm.nih.gov:443 "GET /27332875/ HTTP/1.1" 200 None
30-Jan-22 13-30-54-Starting new HTTPS connection (23): www.ncbi.nlm.nih.govhttps:443
30-Jan-22 13-30-54-Starting new HTTPS connection (99): www.ncbi.nlm.nih.gov:443
30-Jan-22 13-30-56-https://www.ncbi.nlm.nih.gov:443 "GET /pubmed/29411774 HTTP/1.1" 301 249
30-Jan-22 13-30-56-Starting new HTTPS connection (18): pubmed.ncbi.nlm.nih.gov:443
30-Jan-22 13-30-57-https://pubmed.ncbi.nlm.nih.gov:443 "GET /29411774/ HTTP/1.1" 200 None
30-Jan-22 13-30-57-Starting new HTTPS connection (24): www.ncbi.nlm.nih.govhttps:443
30-Jan-22 13-30-57-Resetting dropped connection: www.ncbi.nlm.nih.gov
30-Jan-22 13-30-59-https://www.ncbi.nlm.nih.gov:443 "GET /pubmed/19107872 HTTP/1.1" 301 249
30-Jan-22 13-30-59-Starting new HTTPS connection (19): pubmed.ncbi.nlm.nih.gov:443
30-Jan-22 13-31-00-https://pubmed.ncbi.nlm.nih.gov:443 "GET /19107872/ HTTP/1.1" 200 None
30-Jan-22 13-31-00-Starting new HTTPS connection (25): www.ncbi.nlm.nih.govhttps:443
30-Jan-22 13-31-00-Starting new HTTPS connection (100): www.ncbi.nlm.nih.gov:443
30-Jan-22 13-31-02-https://www.ncbi.nlm.nih.gov:443 "GET /pubmed/27658303 HTTP/1.1" 301 249
30-Jan-22 13-31-02-Starting new HTTPS connection (20): pubmed.ncbi.nlm.nih.gov:443
30-Jan-22 13-31-03-https://pubmed.ncbi.nlm.nih.gov:443 "GET /27658303/ HTTP/1.1" 200 None
30-Jan-22 13-31-03-Starting new HTTPS connection (26): www.ncbi.nlm.nih.govhttps:443
30-Jan-22 13-31-03-Starting new HTTPS connection (101): www.ncbi.nlm.nih.gov:443
30-Jan-22 13-31-05-https://www.ncbi.nlm.nih.gov:443 "GET /pubmed/28692672 HTTP/1.1" 301 249
30-Jan-22 13-31-05-Starting new HTTPS connection (21): pubmed.ncbi.nlm.nih.gov:443
30-Jan-22 13-31-06-https://pubmed.ncbi.nlm.nih.gov:443 "GET /28692672/ HTTP/1.1" 200 None
30-Jan-22 13-31-06-Starting new HTTPS connection (27): www.ncbi.nlm.nih.govhttps:443
30-Jan-22 13-31-06-Starting new HTTPS connection (102): www.ncbi.nlm.nih.gov:443
30-Jan-22 13-31-08-https://www.ncbi.nlm.nih.gov:443 "GET /pubmed/27966553 HTTP/1.1" 301 249
30-Jan-22 13-31-08-Starting new HTTPS connection (22): pubmed.ncbi.nlm.nih.gov:443
30-Jan-22 13-31-09-https://pubmed.ncbi.nlm.nih.gov:443 "GET /27966553/ HTTP/1.1" 200 None
30-Jan-22 13-31-09-Starting new HTTPS connection (28): www.ncbi.nlm.nih.govhttps:443
30-Jan-22 13-31-09-Resetting dropped connection: www.ncbi.nlm.nih.gov
30-Jan-22 13-31-12-https://www.ncbi.nlm.nih.gov:443 "GET /pmc/articles/PMC6192678/ HTTP/1.1" 200 None
30-Jan-22 13-31-12-Starting new HTTPS connection (103): www.ncbi.nlm.nih.gov:443
30-Jan-22 13-31-13-https://www.ncbi.nlm.nih.gov:443 "GET /pubmed/29088705 HTTP/1.1" 301 249
30-Jan-22 13-31-13-Starting new HTTPS connection (23): pubmed.ncbi.nlm.nih.gov:443
30-Jan-22 13-31-15-https://pubmed.ncbi.nlm.nih.gov:443 "GET /29088705/ HTTP/1.1" 200 None
30-Jan-22 13-31-15-Starting new HTTPS connection (29): www.ncbi.nlm.nih.govhttps:443
30-Jan-22 13-31-15-Resetting dropped connection: www.ncbi.nlm.nih.gov
30-Jan-22 13-31-17-https://www.ncbi.nlm.nih.gov:443 "GET /pmc/articles/PMC3205242/ HTTP/1.1" 200 None
30-Jan-22 13-31-17-Starting new HTTPS connection (104): www.ncbi.nlm.nih.gov:443
30-Jan-22 13-31-18-https://www.ncbi.nlm.nih.gov:443 "GET /pubmed/21914473 HTTP/1.1" 301 249
30-Jan-22 13-31-18-Starting new HTTPS connection (24): pubmed.ncbi.nlm.nih.gov:443
30-Jan-22 13-31-19-https://pubmed.ncbi.nlm.nih.gov:443 "GET /21914473/ HTTP/1.1" 200 None
30-Jan-22 13-31-19-Starting new HTTPS connection (30): www.ncbi.nlm.nih.govhttps:443
30-Jan-22 13-31-19-Starting new HTTPS connection (105): www.ncbi.nlm.nih.gov:443
30-Jan-22 13-31-20-Starting new HTTPS connection (1): www.ncbi.nlm.nih.gov:443
30-Jan-22 13-31-21-https://www.ncbi.nlm.nih.gov:443 "GET /pubmed/23034650 HTTP/1.1" 301 249
30-Jan-22 13-31-21-Starting new HTTPS connection (25): pubmed.ncbi.nlm.nih.gov:443
30-Jan-22 13-31-23-https://pubmed.ncbi.nlm.nih.gov:443 "GET /23034650/ HTTP/1.1" 200 None
30-Jan-22 13-31-23-https://www.ncbi.nlm.nih.gov:443 "GET /pmc/articles/PMC7291292/ HTTP/1.1" 200 None
30-Jan-22 13-31-23-Starting new HTTPS connection (31): www.ncbi.nlm.nih.govhttps:443
30-Jan-22 13-31-23-Resetting dropped connection: www.ncbi.nlm.nih.gov
30-Jan-22 13-31-24-Resetting dropped connection: www.ncbi.nlm.nih.gov
30-Jan-22 13-31-25-https://www.ncbi.nlm.nih.gov:443 "GET /pmc/articles/PMC3001873/ HTTP/1.1" 200 None
30-Jan-22 13-31-25-Starting new HTTPS connection (106): www.ncbi.nlm.nih.gov:443
30-Jan-22 13-31-26-https://www.ncbi.nlm.nih.gov:443 "GET /pmc/articles/PMC7291292/bin/NIHMS1589843-supplement-1.pdf HTTP/1.1" 200 2015531
30-Jan-22 13-31-27-https://www.ncbi.nlm.nih.gov:443 "GET /pubmed/21179475 HTTP/1.1" 301 249
30-Jan-22 13-31-27-https://pubmed.ncbi.nlm.nih.gov:443 "GET /21179475/ HTTP/1.1" 200 None
30-Jan-22 13-31-27-Starting new HTTPS connection (32): www.ncbi.nlm.nih.govhttps:443
30-Jan-22 13-31-28-Starting new HTTPS connection (107): www.ncbi.nlm.nih.gov:443
30-Jan-22 13-31-29-https://www.ncbi.nlm.nih.gov:443 "GET /pubmed/29049318 HTTP/1.1" 301 249
30-Jan-22 13-31-29-https://www.ncbi.nlm.nih.gov:443 "GET /pmc/articles/PMC7291292/bin/NIHMS1589843-supplement-1.pdf HTTP/1.1" 200 2015531
30-Jan-22 13-31-29-https://pubmed.ncbi.nlm.nih.gov:443 "GET /29049318/ HTTP/1.1" 200 None
30-Jan-22 13-31-30-Starting new HTTPS connection (33): www.ncbi.nlm.nih.govhttps:443
30-Jan-22 13-31-30-Starting new HTTPS connection (108): www.ncbi.nlm.nih.gov:443
30-Jan-22 13-31-31-https://www.ncbi.nlm.nih.gov:443 "GET /pubmed/24629338 HTTP/1.1" 301 249
30-Jan-22 13-31-32-Starting new HTTPS connection (1): www.ncbi.nlm.nih.govhttp:443
30-Jan-22 13-31-32-Starting new HTTPS connection (1): www.ncbi.nlm.nih.govhttps:443
30-Jan-22 13-31-32-https://pubmed.ncbi.nlm.nih.gov:443 "GET /24629338/ HTTP/1.1" 200 None
30-Jan-22 13-31-32-Starting new HTTPS connection (2): www.ncbi.nlm.nih.govhttps:443
30-Jan-22 13-31-32-Starting new HTTPS connection (2): www.ncbi.nlm.nih.gov:443
30-Jan-22 13-31-32-Starting new HTTPS connection (34): www.ncbi.nlm.nih.govhttps:443
30-Jan-22 13-31-32-Starting new HTTPS connection (109): www.ncbi.nlm.nih.gov:443
30-Jan-22 13-31-34-https://www.ncbi.nlm.nih.gov:443 "GET /pubmed/27607555 HTTP/1.1" 301 249
30-Jan-22 13-31-35-https://www.ncbi.nlm.nih.gov:443 "GET /pmc/articles/PMC2866629/ HTTP/1.1" 200 None
30-Jan-22 13-31-35-https://pubmed.ncbi.nlm.nih.gov:443 "GET /27607555/ HTTP/1.1" 200 None
30-Jan-22 13-31-35-Starting new HTTPS connection (3): www.ncbi.nlm.nih.gov:443
30-Jan-22 13-31-35-Starting new HTTPS connection (35): www.ncbi.nlm.nih.govhttps:443
30-Jan-22 13-31-35-https://www.ncbi.nlm.nih.gov:443 "GET /pubmed/30520029 HTTP/1.1" 301 249
30-Jan-22 13-31-35-https://pubmed.ncbi.nlm.nih.gov:443 "GET /30520029/ HTTP/1.1" 200 None
30-Jan-22 13-31-36-Starting new HTTPS connection (36): www.ncbi.nlm.nih.govhttps:443
30-Jan-22 13-31-36-https://www.ncbi.nlm.nih.gov:443 "GET /pubmed/20303878 HTTP/1.1" 301 249
30-Jan-22 13-31-36-Starting new HTTPS connection (1): pubmed.ncbi.nlm.nih.gov:443
30-Jan-22 13-31-37-https://www.ncbi.nlm.nih.gov:443 "GET /pmc/articles/PMC4618999/ HTTP/1.1" 200 None
30-Jan-22 13-31-37-https://pubmed.ncbi.nlm.nih.gov:443 "GET /20303878/ HTTP/1.1" 200 None
30-Jan-22 13-31-37-Starting new HTTPS connection (110): www.ncbi.nlm.nih.gov:443
30-Jan-22 13-31-37-Starting new HTTPS connection (3): www.ncbi.nlm.nih.govhttps:443
30-Jan-22 13-31-37-Resetting dropped connection: www.ncbi.nlm.nih.gov
30-Jan-22 13-31-38-https://www.ncbi.nlm.nih.gov:443 "GET /pubmed/18805702 HTTP/1.1" 301 249
30-Jan-22 13-31-38-https://www.ncbi.nlm.nih.gov:443 "GET /pubmed/26485519 HTTP/1.1" 301 249
30-Jan-22 13-31-39-https://pubmed.ncbi.nlm.nih.gov:443 "GET /18805702/ HTTP/1.1" 200 None
30-Jan-22 13-31-39-https://pubmed.ncbi.nlm.nih.gov:443 "GET /26485519/ HTTP/1.1" 200 None
30-Jan-22 13-31-39-Starting new HTTPS connection (4): www.ncbi.nlm.nih.govhttps:443
30-Jan-22 13-31-39-Starting new HTTPS connection (37): www.ncbi.nlm.nih.govhttps:443
30-Jan-22 13-31-39-Starting new HTTPS connection (111): www.ncbi.nlm.nih.gov:443
30-Jan-22 13-31-39-Starting new HTTPS connection (5): www.ncbi.nlm.nih.govhttps:443
30-Jan-22 13-31-39-Starting new HTTPS connection (4): www.ncbi.nlm.nih.gov:443
30-Jan-22 13-31-41-https://www.ncbi.nlm.nih.gov:443 "GET /pubmed/24777677 HTTP/1.1" 301 249
30-Jan-22 13-31-42-https://pubmed.ncbi.nlm.nih.gov:443 "GET /24777677/ HTTP/1.1" 200 None
30-Jan-22 13-31-42-https://pubmed.ncbi.nlm.nih.gov:443 "GET /26086965/ HTTP/1.1" 200 None
30-Jan-22 13-31-42-Starting new HTTPS connection (6): www.ncbi.nlm.nih.govhttps:443
30-Jan-22 13-31-42-Resetting dropped connection: www.ncbi.nlm.nih.gov
30-Jan-22 13-31-42-Starting new HTTPS connection (38): www.ncbi.nlm.nih.govhttps:443
30-Jan-22 13-31-42-Resetting dropped connection: www.ncbi.nlm.nih.gov
30-Jan-22 13-31-44-https://www.ncbi.nlm.nih.gov:443 "GET /pubmed/24388214 HTTP/1.1" 301 249
30-Jan-22 13-31-44-https://www.ncbi.nlm.nih.gov:443 "GET /pubmed/30676822 HTTP/1.1" 301 249
30-Jan-22 13-31-44-https://pubmed.ncbi.nlm.nih.gov:443 "GET /24388214/ HTTP/1.1" 200 None
30-Jan-22 13-31-44-https://pubmed.ncbi.nlm.nih.gov:443 "GET /30676822/ HTTP/1.1" 200 None
30-Jan-22 13-31-45-Starting new HTTPS connection (7): www.ncbi.nlm.nih.govhttps:443
30-Jan-22 13-31-45-Starting new HTTPS connection (39): www.ncbi.nlm.nih.govhttps:443
30-Jan-22 13-31-45-https://www.ncbi.nlm.nih.gov:443 "GET /pubmed/21866547 HTTP/1.1" 301 249
30-Jan-22 13-31-46-https://pubmed.ncbi.nlm.nih.gov:443 "GET /21866547/ HTTP/1.1" 200 None
30-Jan-22 13-31-46-https://pubmed.ncbi.nlm.nih.gov:443 "GET /22065108/ HTTP/1.1" 200 None
30-Jan-22 13-31-46-Starting new HTTPS connection (8): www.ncbi.nlm.nih.govhttps:443
30-Jan-22 13-31-46-Starting new HTTPS connection (40): www.ncbi.nlm.nih.govhttps:443
30-Jan-22 13-31-46-Starting new HTTPS connection (9): www.ncbi.nlm.nih.govhttps:443
30-Jan-22 13-31-46-Resetting dropped connection: www.ncbi.nlm.nih.gov
30-Jan-22 13-31-46-Starting new HTTPS connection (5): www.ncbi.nlm.nih.gov:443
30-Jan-22 13-31-49-https://www.ncbi.nlm.nih.gov:443 "GET /pmc/articles/PMC3260502/ HTTP/1.1" 200 None
30-Jan-22 13-31-49-https://www.ncbi.nlm.nih.gov:443 "GET /pmc/articles/PMC4514061/ HTTP/1.1" 200 None
30-Jan-22 13-31-49-Starting new HTTPS connection (6): www.ncbi.nlm.nih.gov:443
30-Jan-22 13-31-49-Starting new HTTPS connection (112): www.ncbi.nlm.nih.gov:443
30-Jan-22 13-31-50-https://www.ncbi.nlm.nih.gov:443 "GET /pubmed/21850056 HTTP/1.1" 301 249
30-Jan-22 13-31-50-https://www.ncbi.nlm.nih.gov:443 "GET /pubmed/25483675 HTTP/1.1" 301 249
30-Jan-22 13-31-51-https://pubmed.ncbi.nlm.nih.gov:443 "GET /21850056/ HTTP/1.1" 200 None
30-Jan-22 13-31-51-https://pubmed.ncbi.nlm.nih.gov:443 "GET /25483675/ HTTP/1.1" 200 None
30-Jan-22 13-31-51-Starting new HTTPS connection (10): www.ncbi.nlm.nih.govhttps:443
30-Jan-22 13-31-51-Starting new HTTPS connection (41): www.ncbi.nlm.nih.govhttps:443
30-Jan-22 13-31-52-https://www.ncbi.nlm.nih.gov:443 "GET /pmc/articles/PMC1419533/ HTTP/1.1" 200 None
30-Jan-22 13-31-52-Starting new HTTPS connection (7): www.ncbi.nlm.nih.gov:443
30-Jan-22 13-31-52-https://www.ncbi.nlm.nih.gov:443 "GET /pmc/articles/PMC4832589/ HTTP/1.1" 200 None
30-Jan-22 13-31-52-Starting new HTTPS connection (113): www.ncbi.nlm.nih.gov:443
30-Jan-22 13-31-54-https://www.ncbi.nlm.nih.gov:443 "GET /pubmed/7429343 HTTP/1.1" 301 248

30-Jan-22 13-31-54-https://pubmed.ncbi.nlm.nih.gov:443 "GET /7429343/ HTTP/1.1" 200 None
30-Jan-22 13-31-54-https://pubmed.ncbi.nlm.nih.gov:443 "GET /27148053/ HTTP/1.1" 200 None
30-Jan-22 13-31-54-Starting new HTTPS connection (11): www.ncbi.nlm.nih.govhttps:443
30-Jan-22 13-31-54-Starting new HTTPS connection (42): www.ncbi.nlm.nih.govhttps:443
30-Jan-22 13-31-54-Starting new HTTPS connection (8): www.ncbi.nlm.nih.gov:443
30-Jan-22 13-31-54-Starting new HTTPS connection (114): www.ncbi.nlm.nih.gov:443
30-Jan-22 13-31-57-https://www.ncbi.nlm.nih.gov:443 "GET /pubmed/25795789 HTTP/1.1" 301 249
30-Jan-22 13-31-57-https://www.ncbi.nlm.nih.gov:443 "GET /pubmed/27195116 HTTP/1.1" 301 249
30-Jan-22 13-31-58-https://pubmed.ncbi.nlm.nih.gov:443 "GET /27195116/ HTTP/1.1" 200 None
30-Jan-22 13-31-58-https://pubmed.ncbi.nlm.nih.gov:443 "GET /25795789/ HTTP/1.1" 200 None
30-Jan-22 13-31-58-Starting new HTTPS connection (12): www.ncbi.nlm.nih.govhttps:443
30-Jan-22 13-31-58-Starting new HTTPS connection (43): www.ncbi.nlm.nih.govhttps:443
30-Jan-22 13-31-58-Starting new HTTPS connection (9): www.ncbi.nlm.nih.gov:443
30-Jan-22 13-31-58-Starting new HTTPS connection (115): www.ncbi.nlm.nih.gov:443
30-Jan-22 13-31-59-https://www.ncbi.nlm.nih.gov:443 "GET /pubmed/27866157 HTTP/1.1" 301 249
30-Jan-22 13-31-59-https://www.ncbi.nlm.nih.gov:443 "GET /pubmed/20885915 HTTP/1.1" 301 249
30-Jan-22 13-32-00-https://pubmed.ncbi.nlm.nih.gov:443 "GET /20885915/ HTTP/1.1" 200 None
30-Jan-22 13-32-00-https://pubmed.ncbi.nlm.nih.gov:443 "GET /27866157/ HTTP/1.1" 200 None
30-Jan-22 13-32-00-Starting new HTTPS connection (13): www.ncbi.nlm.nih.govhttps:443
30-Jan-22 13-32-00-Starting new HTTPS connection (44): www.ncbi.nlm.nih.govhttps:443
30-Jan-22 13-32-00-https://www.ncbi.nlm.nih.gov:443 "GET /pubmed/29066514 HTTP/1.1" 301 249
30-Jan-22 13-32-00-Starting new HTTPS connection (10): www.ncbi.nlm.nih.gov:443
30-Jan-22 13-32-01-https://pubmed.ncbi.nlm.nih.gov:443 "GET /29066514/ HTTP/1.1" 200 None
30-Jan-22 13-32-01-Starting new HTTPS connection (45): www.ncbi.nlm.nih.govhttps:443
30-Jan-22 13-32-01-Resetting dropped connection: www.ncbi.nlm.nih.gov
30-Jan-22 13-32-02-https://www.ncbi.nlm.nih.gov:443 "GET /pubmed/27348268 HTTP/1.1" 301 249
30-Jan-22 13-32-02-https://pubmed.ncbi.nlm.nih.gov:443 "GET /27348268/ HTTP/1.1" 200 None
30-Jan-22 13-32-03-Starting new HTTPS connection (14): www.ncbi.nlm.nih.govhttps:443
30-Jan-22 13-32-03-Starting new HTTPS connection (11): www.ncbi.nlm.nih.gov:443
30-Jan-22 13-32-03-https://www.ncbi.nlm.nih.gov:443 "GET /pmc/articles/PMC6130914/ HTTP/1.1" 200 None
30-Jan-22 13-32-03-Starting new HTTPS connection (116): www.ncbi.nlm.nih.gov:443
30-Jan-22 13-32-04-https://www.ncbi.nlm.nih.gov:443 "GET /pubmed/25266735 HTTP/1.1" 301 249
30-Jan-22 13-32-05-https://www.ncbi.nlm.nih.gov:443 "GET /pubmed/29899446 HTTP/1.1" 301 249
30-Jan-22 13-32-05-https://pubmed.ncbi.nlm.nih.gov:443 "GET /25266735/ HTTP/1.1" 200 None
30-Jan-22 13-32-05-Starting new HTTPS connection (15): www.ncbi.nlm.nih.govhttps:443
30-Jan-22 13-32-05-Starting new HTTPS connection (12): www.ncbi.nlm.nih.gov:443
30-Jan-22 13-32-06-https://pubmed.ncbi.nlm.nih.gov:443 "GET /29899446/ HTTP/1.1" 200 None
30-Jan-22 13-32-06-Starting new HTTPS connection (46): www.ncbi.nlm.nih.govhttps:443
30-Jan-22 13-32-06-Resetting dropped connection: www.ncbi.nlm.nih.gov
30-Jan-22 13-32-08-https://www.ncbi.nlm.nih.gov:443 "GET /pmc/articles/PMC6306491/ HTTP/1.1" 200 None
30-Jan-22 13-32-08-Starting new HTTPS connection (117): www.ncbi.nlm.nih.gov:443
30-Jan-22 13-32-10-https://www.ncbi.nlm.nih.gov:443 "GET /pubmed/30619378 HTTP/1.1" 301 249
30-Jan-22 13-32-11-https://pubmed.ncbi.nlm.nih.gov:443 "GET /30619378/ HTTP/1.1" 200 None
30-Jan-22 13-32-11-Starting new HTTPS connection (47): www.ncbi.nlm.nih.govhttps:443
30-Jan-22 13-32-11-Starting new HTTPS connection (118): www.ncbi.nlm.nih.gov:443
30-Jan-22 13-32-13-https://www.ncbi.nlm.nih.gov:443 "GET /pubmed/17227910 HTTP/1.1" 301 249
30-Jan-22 13-32-13-https://pubmed.ncbi.nlm.nih.gov:443 "GET /17227910/ HTTP/1.1" 200 None
30-Jan-22 13-32-13-Starting new HTTPS connection (48): www.ncbi.nlm.nih.govhttps:443
30-Jan-22 13-32-14-Starting new HTTPS connection (119): www.ncbi.nlm.nih.gov:443
30-Jan-22 13-32-15-https://www.ncbi.nlm.nih.gov:443 "GET /pubmed/25561899 HTTP/1.1" 301 249
30-Jan-22 13-32-16-https://pubmed.ncbi.nlm.nih.gov:443 "GET /25561899/ HTTP/1.1" 200 None
30-Jan-22 13-32-16-Starting new HTTPS connection (49): www.ncbi.nlm.nih.govhttps:443
30-Jan-22 13-32-17-https://www.ncbi.nlm.nih.gov:443 "GET /pmc/articles/PMC6421268/ HTTP/1.1" 200 None
30-Jan-22 13-32-17-Starting new HTTPS connection (120): www.ncbi.nlm.nih.gov:443
30-Jan-22 13-32-19-https://www.ncbi.nlm.nih.gov:443 "GET /pubmed/30915065 HTTP/1.1" 301 249
30-Jan-22 13-32-20-https://pubmed.ncbi.nlm.nih.gov:443 "GET /30915065/ HTTP/1.1" 200 None
30-Jan-22 13-32-20-Starting new HTTPS connection (50): www.ncbi.nlm.nih.govhttps:443
30-Jan-22 13-32-20-Starting new HTTPS connection (51): www.ncbi.nlm.nih.govhttps:443
30-Jan-22 13-32-20-Starting new HTTPS connection (121): www.ncbi.nlm.nih.gov:443
30-Jan-22 13-32-22-https://www.ncbi.nlm.nih.gov:443 "GET /pmc/articles/PMC4356131/ HTTP/1.1" 200 None
30-Jan-22 13-32-22-Starting new HTTPS connection (122): www.ncbi.nlm.nih.gov:443
30-Jan-22 13-32-23-https://www.ncbi.nlm.nih.gov:443 "GET /pubmed/25713993 HTTP/1.1" 301 249
30-Jan-22 13-32-24-https://pubmed.ncbi.nlm.nih.gov:443 "GET /25713993/ HTTP/1.1" 200 None
30-Jan-22 13-32-24-Starting new HTTPS connection (52): www.ncbi.nlm.nih.govhttps:443
30-Jan-22 13-32-25-https://www.ncbi.nlm.nih.gov:443 "GET /pmc/articles/PMC3964005/ HTTP/1.1" 200 None
30-Jan-22 13-32-25-Starting new HTTPS connection (123): www.ncbi.nlm.nih.gov:443
30-Jan-22 13-32-27-https://www.ncbi.nlm.nih.gov:443 "GET /pubmed/23995234 HTTP/1.1" 301 249
30-Jan-22 13-32-28-https://pubmed.ncbi.nlm.nih.gov:443 "GET /23995234/ HTTP/1.1" 200 None
30-Jan-22 13-32-28-Starting new HTTPS connection (53): www.ncbi.nlm.nih.govhttps:443
30-Jan-22 13-32-28-Resetting dropped connection: www.ncbi.nlm.nih.gov
30-Jan-22 13-32-31-https://www.ncbi.nlm.nih.gov:443 "GET /pmc/articles/PMC3679920/ HTTP/1.1" 200 None
30-Jan-22 13-32-31-Starting new HTTPS connection (124): www.ncbi.nlm.nih.gov:443
30-Jan-22 13-32-32-https://www.ncbi.nlm.nih.gov:443 "GET /pubmed/22678911 HTTP/1.1" 301 249
30-Jan-22 13-32-32-https://pubmed.ncbi.nlm.nih.gov:443 "GET /22678911/ HTTP/1.1" 200 None
30-Jan-22 13-32-33-Starting new HTTPS connection (54): www.ncbi.nlm.nih.govhttps:443
30-Jan-22 13-32-33-Starting new HTTPS connection (125): www.ncbi.nlm.nih.gov:443
30-Jan-22 13-32-35-https://www.ncbi.nlm.nih.gov:443 "GET /pubmed/20676095 HTTP/1.1" 301 249
30-Jan-22 13-32-36-https://pubmed.ncbi.nlm.nih.gov:443 "GET /20676095/ HTTP/1.1" 200 None
30-Jan-22 13-32-36-Starting new HTTPS connection (55): www.ncbi.nlm.nih.govhttps:443
30-Jan-22 13-32-36-Starting new HTTPS connection (56): www.ncbi.nlm.nih.govhttps:443
30-Jan-22 13-32-36-Starting new HTTPS connection (126): www.ncbi.nlm.nih.gov:443
30-Jan-22 13-32-38-https://www.ncbi.nlm.nih.gov:443 "GET /pubmed/20979106 HTTP/1.1" 301 249
30-Jan-22 13-32-39-https://pubmed.ncbi.nlm.nih.gov:443 "GET /20979106/ HTTP/1.1" 200 None
30-Jan-22 13-32-39-Starting new HTTPS connection (57): www.ncbi.nlm.nih.govhttps:443
30-Jan-22 13-32-39-https://www.ncbi.nlm.nih.gov:443 "GET /pmc/articles/PMC7291292/?report=reader HTTP/1.1" 200 None
30-Jan-22 13-32-39-Starting new HTTPS connection (127): www.ncbi.nlm.nih.gov:443
30-Jan-22 13-32-41-https://www.ncbi.nlm.nih.gov:443 "GET /pmc/articles/PMC7291292/epub/ HTTP/1.1" 303 0
30-Jan-22 13-32-47-https://www.ncbi.nlm.nih.gov:443 "GET /pmc/articles/PMC7291292/epub/nihms-1589843.epub HTTP/1.1" 200 None
30-Jan-22 13-32-47-Starting new HTTPS connection (128): www.ncbi.nlm.nih.gov:443
30-Jan-22 13-32-49-https://www.ncbi.nlm.nih.gov:443 "GET /pmc/articles/PMC7291292/pdf/nihms-1589843.pdf HTTP/1.1" 200 1759809
30-Jan-22 13-33-15-Resetting dropped connection: www.ncbi.nlm.nih.gov
30-Jan-22 13-33-17-https://www.ncbi.nlm.nih.gov:443 "GET / HTTP/1.1" 200 8848
30-Jan-22 13-33-17-Starting new HTTPS connection (58): www.ncbi.nlm.nih.govhttps:443
30-Jan-22 13-33-17-Starting new HTTPS connection (59): www.ncbi.nlm.nih.govhttps:443
30-Jan-22 13-33-17-Starting new HTTPS connection (60): www.ncbi.nlm.nih.govhttps:443
30-Jan-22 13-33-17-https://www.ncbi.nlm.nih.gov:443 "GET / HTTP/1.1" 200 8848
30-Jan-22 13-33-17-Starting new HTTPS connection (61): www.ncbi.nlm.nih.govhttps:443
30-Jan-22 13-33-17-Starting new HTTPS connection (62): www.ncbi.nlm.nih.govhttps:443
30-Jan-22 13-33-17-Starting new HTTPS connection (63): www.ncbi.nlm.nih.govhttps:443
30-Jan-22 13-33-17-Starting new HTTPS connection (64): www.ncbi.nlm.nih.govhttps:443
30-Jan-22 13-33-17-Starting new HTTPS connection (65): www.ncbi.nlm.nih.govhttps:443
30-Jan-22 13-33-17-Starting new HTTPS connection (66): www.ncbi.nlm.nih.govhttps:443
30-Jan-22 13-33-17-Starting new HTTPS connection (67): www.ncbi.nlm.nih.govhttps:443
30-Jan-22 13-33-17-Starting new HTTPS connection (68): www.ncbi.nlm.nih.govhttps:443
30-Jan-22 13-33-18-https://www.ncbi.nlm.nih.gov:443 "GET /home/about/policies.shtml HTTP/1.1" 301 257
30-Jan-22 13-33-19-https://www.ncbi.nlm.nih.gov:443 "GET /home/about/policies/ HTTP/1.1" 200 8230
30-Jan-22 13-33-19-https://www.ncbi.nlm.nih.gov:443 "GET /home/about/contact.shtml HTTP/1.1" 301 256
30-Jan-22 13-33-20-https://www.ncbi.nlm.nih.gov:443 "GET /home/about/contact/ HTTP/1.1" 200 5269
30-Jan-22 13-33-43-Resetting dropped connection: www.ncbi.nlm.nih.gov
30-Jan-22 13-33-45-https://www.ncbi.nlm.nih.gov:443 "GET /pmc/articles/PMC7729598/ HTTP/1.1" 200 None
30-Jan-22 13-39-37-Starting new HTTPS connection (1): www.ncbi.nlm.nih.gov:443
30-Jan-22 13-39-41-https://www.ncbi.nlm.nih.gov:443 "GET /pmc/articles/PMC7291292/ HTTP/1.1" 200 None
30-Jan-22 13-39-42-Resetting dropped connection: www.ncbi.nlm.nih.gov
30-Jan-22 13-39-44-https://www.ncbi.nlm.nih.gov:443 "GET /pmc/articles/PMC7291292/bin/NIHMS1589843-supplement-1.pdf HTTP/1.1" 200 2015531
30-Jan-22 13-39-48-Resetting dropped connection: www.ncbi.nlm.nih.gov
30-Jan-22 13-39-50-https://www.ncbi.nlm.nih.gov:443 "GET /pmc/articles/PMC7291292/bin/NIHMS1589843-supplement-1.pdf HTTP/1.1" 200 2015531
30-Jan-22 13-39-53-Starting new HTTPS connection (1): www.ncbi.nlm.nih.govhttp:443
30-Jan-22 13-39-53-Starting new HTTPS connection (1): www.ncbi.nlm.nih.govhttps:443
30-Jan-22 13-39-54-https://www.ncbi.nlm.nih.gov:443 "GET /pubmed/26294173 HTTP/1.1" 301 249
30-Jan-22 13-39-54-Starting new HTTPS connection (1): pubmed.ncbi.nlm.nih.gov:443
30-Jan-22 13-39-54-https://pubmed.ncbi.nlm.nih.gov:443 "GET /26294173/ HTTP/1.1" 200 None
30-Jan-22 13-39-54-Starting new HTTPS connection (2): www.ncbi.nlm.nih.govhttps:443
30-Jan-22 13-39-55-Starting new HTTPS connection (2): www.ncbi.nlm.nih.gov:443
30-Jan-22 13-39-56-https://www.ncbi.nlm.nih.gov:443 "GET /pubmed/20303878 HTTP/1.1" 301 249
30-Jan-22 13-39-57-https://pubmed.ncbi.nlm.nih.gov:443 "GET /20303878/ HTTP/1.1" 200 None
30-Jan-22 13-39-57-Starting new HTTPS connection (3): www.ncbi.nlm.nih.govhttps:443
30-Jan-22 13-39-57-Starting new HTTPS connection (4): www.ncbi.nlm.nih.govhttps:443
30-Jan-22 13-39-57-Starting new HTTPS connection (3): www.ncbi.nlm.nih.gov:443
30-Jan-22 13-39-59-https://www.ncbi.nlm.nih.gov:443 "GET /pubmed/28465070 HTTP/1.1" 301 249
30-Jan-22 13-39-59-https://pubmed.ncbi.nlm.nih.gov:443 "GET /28465070/ HTTP/1.1" 200 None
30-Jan-22 13-39-59-Starting new HTTPS connection (5): www.ncbi.nlm.nih.govhttps:443
30-Jan-22 13-40-00-Starting new HTTPS connection (6): www.ncbi.nlm.nih.govhttps:443
30-Jan-22 13-40-00-Starting new HTTPS connection (4): www.ncbi.nlm.nih.gov:443
30-Jan-22 13-40-01-https://www.ncbi.nlm.nih.gov:443 "GET /pubmed/24388214 HTTP/1.1" 301 249
30-Jan-22 13-40-02-https://pubmed.ncbi.nlm.nih.gov:443 "GET /24388214/ HTTP/1.1" 200 None
30-Jan-22 13-40-02-Starting new HTTPS connection (7): www.ncbi.nlm.nih.govhttps:443
30-Jan-22 13-40-02-https://www.ncbi.nlm.nih.gov:443 "GET /pubmed/21866547 HTTP/1.1" 301 249
30-Jan-22 13-40-03-https://pubmed.ncbi.nlm.nih.gov:443 "GET /21866547/ HTTP/1.1" 200 None
30-Jan-22 13-40-03-Starting new HTTPS connection (8): www.ncbi.nlm.nih.govhttps:443
30-Jan-22 13-40-03-Resetting dropped connection: www.ncbi.nlm.nih.gov
30-Jan-22 13-40-05-https://www.ncbi.nlm.nih.gov:443 "GET /pubmed/17490973 HTTP/1.1" 301 249
30-Jan-22 13-40-05-https://pubmed.ncbi.nlm.nih.gov:443 "GET /17490973/ HTTP/1.1" 200 None
30-Jan-22 13-40-05-Starting new HTTPS connection (9): www.ncbi.nlm.nih.govhttps:443
30-Jan-22 13-45-21-Starting new HTTPS connection (1): www.ncbi.nlm.nih.gov:443
30-Jan-22 13-45-23-https://www.ncbi.nlm.nih.gov:443 "GET /labs/pmc/articles/PMC7291292 HTTP/1.1" 301 120
30-Jan-22 13-45-24-https://www.ncbi.nlm.nih.gov:443 "GET /labs/pmc/articles/PMC7291292/ HTTP/1.1" 200 None
30-Jan-22 13-45-25-Resetting dropped connection: www.ncbi.nlm.nih.gov
30-Jan-22 13-45-27-https://www.ncbi.nlm.nih.gov:443 "GET /labs/pmc/articles/PMC7291292/bin/NIHMS1589843-supplement-1.pdf HTTP/1.1" 200 2015531
30-Jan-22 13-45-41-Resetting dropped connection: www.ncbi.nlm.nih.gov
30-Jan-22 13-45-44-https://www.ncbi.nlm.nih.gov:443 "GET /labs/pmc/articles/PMC7729598 HTTP/1.1" 301 120
30-Jan-22 13-45-45-https://www.ncbi.nlm.nih.gov:443 "GET /labs/pmc/articles/PMC7729598/ HTTP/1.1" 200 None
30-Jan-22 13-47-48-Starting new HTTPS connection (1): www.ncbi.nlm.nih.gov:443
30-Jan-22 13-47-50-https://www.ncbi.nlm.nih.gov:443 "GET /labs/pmc/articles/PMC7291292 HTTP/1.1" 301 120
30-Jan-22 13-47-51-https://www.ncbi.nlm.nih.gov:443 "GET /labs/pmc/articles/PMC7291292/ HTTP/1.1" 200 None
30-Jan-22 13-48-02-Starting new HTTPS connection (2): www.ncbi.nlm.nih.gov:443
30-Jan-22 13-48-04-https://www.ncbi.nlm.nih.gov:443 "GET /labs/pmc/articles/PMC7729598 HTTP/1.1" 301 120
30-Jan-22 13-48-05-https://www.ncbi.nlm.nih.gov:443 "GET /labs/pmc/articles/PMC7729598/ HTTP/1.1" 200 None
30-Jan-22 13-48-06-https://www.ncbi.nlm.nih.gov:443 "GET /labs/pmc/articles/PMC7729598/bin/ijms-21-08968-s001.pdf HTTP/1.1" 200 123601
30-Jan-22 14-13-18-Starting new HTTPS connection (1): www.ncbi.nlm.nih.gov:443
30-Jan-22 14-13-21-https://www.ncbi.nlm.nih.gov:443 "GET /labs/pmc/articles/PMC7291292 HTTP/1.1" 301 120
30-Jan-22 14-13-21-https://www.ncbi.nlm.nih.gov:443 "GET /labs/pmc/articles/PMC7291292/ HTTP/1.1" 200 None
30-Jan-22 14-13-33-Starting new HTTPS connection (2): www.ncbi.nlm.nih.gov:443
30-Jan-22 14-13-34-https://www.ncbi.nlm.nih.gov:443 "GET /labs/pmc/articles/PMC7729598 HTTP/1.1" 301 120
30-Jan-22 14-13-35-https://www.ncbi.nlm.nih.gov:443 "GET /labs/pmc/articles/PMC7729598/ HTTP/1.1" 200 None
30-Jan-22 14-13-36-https://www.ncbi.nlm.nih.gov:443 "GET /labs/pmc/articles/PMC7729598/bin/ijms-21-08968-s001.pdf HTTP/1.1" 200 123601
30-Jan-22 14-13-47-Resetting dropped connection: www.ncbi.nlm.nih.gov
30-Jan-22 14-13-50-https://www.ncbi.nlm.nih.gov:443 "GET /labs/pmc/articles/PMC2095462 HTTP/1.1" 301 120
30-Jan-22 14-13-50-https://www.ncbi.nlm.nih.gov:443 "GET /labs/pmc/articles/PMC2095462/ HTTP/1.1" 200 None
30-Jan-22 14-14-01-Resetting dropped connection: www.ncbi.nlm.nih.gov
30-Jan-22 14-14-03-https://www.ncbi.nlm.nih.gov:443 "GET /labs/pmc/articles/PMC7991796 HTTP/1.1" 301 120
30-Jan-22 14-14-04-https://www.ncbi.nlm.nih.gov:443 "GET /labs/pmc/articles/PMC7991796/ HTTP/1.1" 200 None
30-Jan-22 14-14-15-Resetting dropped connection: www.ncbi.nlm.nih.gov
30-Jan-22 14-14-16-https://www.ncbi.nlm.nih.gov:443 "GET /labs/pmc/articles/PMC3328835 HTTP/1.1" 301 120
30-Jan-22 14-14-17-https://www.ncbi.nlm.nih.gov:443 "GET /labs/pmc/articles/PMC3328835/ HTTP/1.1" 200 None
30-Jan-22 14-14-28-Resetting dropped connection: www.ncbi.nlm.nih.gov
30-Jan-22 14-14-29-https://www.ncbi.nlm.nih.gov:443 "GET /labs/pmc/articles/PMC6001770 HTTP/1.1" 301 120
30-Jan-22 14-14-30-https://www.ncbi.nlm.nih.gov:443 "GET /labs/pmc/articles/PMC6001770/ HTTP/1.1" 200 None
30-Jan-22 14-17-45-Starting new HTTPS connection (1): www.ncbi.nlm.nih.gov:443
30-Jan-22 14-17-48-https://www.ncbi.nlm.nih.gov:443 "GET /labs/pmc/articles/PMC7291292 HTTP/1.1" 301 120
30-Jan-22 14-17-48-Resetting dropped connection: www.ncbi.nlm.nih.gov
30-Jan-22 14-17-51-https://www.ncbi.nlm.nih.gov:443 "GET /labs/pmc/articles/PMC7291292/ HTTP/1.1" 200 None
30-Jan-22 14-17-52-Resetting dropped connection: www.ncbi.nlm.nih.gov
30-Jan-22 14-17-54-https://www.ncbi.nlm.nih.gov:443 "GET /labs/pmc/articles/PMC7291292/bin/NIHMS1589843-supplement-1.pdf HTTP/1.1" 200 2015531
30-Jan-22 14-18-13-Resetting dropped connection: www.ncbi.nlm.nih.gov
30-Jan-22 14-18-15-https://www.ncbi.nlm.nih.gov:443 "GET /labs/pmc/articles/PMC7729598 HTTP/1.1" 301 120
30-Jan-22 14-18-16-https://www.ncbi.nlm.nih.gov:443 "GET /labs/pmc/articles/PMC7729598/ HTTP/1.1" 200 None
30-Jan-22 14-18-27-Starting new HTTPS connection (2): www.ncbi.nlm.nih.gov:443
30-Jan-22 14-18-28-https://www.ncbi.nlm.nih.gov:443 "GET /labs/pmc/articles/PMC2095462 HTTP/1.1" 301 120
30-Jan-22 14-18-29-https://www.ncbi.nlm.nih.gov:443 "GET /labs/pmc/articles/PMC2095462/ HTTP/1.1" 200 None
30-Jan-22 14-18-39-Resetting dropped connection: www.ncbi.nlm.nih.gov
30-Jan-22 14-18-41-https://www.ncbi.nlm.nih.gov:443 "GET /labs/pmc/articles/PMC7991796 HTTP/1.1" 301 120
30-Jan-22 14-18-42-https://www.ncbi.nlm.nih.gov:443 "GET /labs/pmc/articles/PMC7991796/ HTTP/1.1" 200 None
30-Jan-22 14-18-53-Resetting dropped connection: www.ncbi.nlm.nih.gov
30-Jan-22 14-18-54-https://www.ncbi.nlm.nih.gov:443 "GET /labs/pmc/articles/PMC3328835 HTTP/1.1" 301 120
30-Jan-22 14-18-55-https://www.ncbi.nlm.nih.gov:443 "GET /labs/pmc/articles/PMC3328835/ HTTP/1.1" 200 None
30-Jan-22 14-19-06-Resetting dropped connection: www.ncbi.nlm.nih.gov
30-Jan-22 14-19-08-https://www.ncbi.nlm.nih.gov:443 "GET /labs/pmc/articles/PMC6001770 HTTP/1.1" 301 120
30-Jan-22 14-19-09-https://www.ncbi.nlm.nih.gov:443 "GET /labs/pmc/articles/PMC6001770/ HTTP/1.1" 200 None
30-Jan-22 14-21-07-Starting new HTTPS connection (1): www.ncbi.nlm.nih.gov:443
30-Jan-22 14-21-09-https://www.ncbi.nlm.nih.gov:443 "GET /labs/pmc/articles/PMC7291292 HTTP/1.1" 301 120
30-Jan-22 14-21-10-https://www.ncbi.nlm.nih.gov:443 "GET /labs/pmc/articles/PMC7291292/ HTTP/1.1" 200 None
30-Jan-22 14-21-21-Starting new HTTPS connection (2): www.ncbi.nlm.nih.gov:443
30-Jan-22 14-21-23-https://www.ncbi.nlm.nih.gov:443 "GET /labs/pmc/articles/PMC7729598 HTTP/1.1" 301 120
30-Jan-22 14-21-23-https://www.ncbi.nlm.nih.gov:443 "GET /labs/pmc/articles/PMC7729598/ HTTP/1.1" 200 None
30-Jan-22 14-21-34-Starting new HTTPS connection (3): www.ncbi.nlm.nih.gov:443
30-Jan-22 14-21-36-https://www.ncbi.nlm.nih.gov:443 "GET /labs/pmc/articles/PMC2095462 HTTP/1.1" 301 120
30-Jan-22 14-21-37-https://www.ncbi.nlm.nih.gov:443 "GET /labs/pmc/articles/PMC2095462/ HTTP/1.1" 200 None
30-Jan-22 14-21-48-Resetting dropped connection: www.ncbi.nlm.nih.gov
30-Jan-22 14-21-50-https://www.ncbi.nlm.nih.gov:443 "GET /labs/pmc/articles/PMC7991796 HTTP/1.1" 301 120
30-Jan-22 14-21-50-https://www.ncbi.nlm.nih.gov:443 "GET /labs/pmc/articles/PMC7991796/ HTTP/1.1" 200 None
30-Jan-22 14-22-02-Resetting dropped connection: www.ncbi.nlm.nih.gov
30-Jan-22 14-22-03-https://www.ncbi.nlm.nih.gov:443 "GET /labs/pmc/articles/PMC3328835 HTTP/1.1" 301 120
30-Jan-22 14-22-04-https://www.ncbi.nlm.nih.gov:443 "GET /labs/pmc/articles/PMC3328835/ HTTP/1.1" 200 None
30-Jan-22 14-22-14-Resetting dropped connection: www.ncbi.nlm.nih.gov
30-Jan-22 14-22-17-https://www.ncbi.nlm.nih.gov:443 "GET /labs/pmc/articles/PMC6001770 HTTP/1.1" 301 120
30-Jan-22 14-22-17-https://www.ncbi.nlm.nih.gov:443 "GET /labs/pmc/articles/PMC6001770/ HTTP/1.1" 200 None
30-Jan-22 14-23-02-Starting new HTTPS connection (1): www.ncbi.nlm.nih.gov:443
30-Jan-22 14-23-04-https://www.ncbi.nlm.nih.gov:443 "GET /labs/pmc/articles/PMC7291292 HTTP/1.1" 301 120
30-Jan-22 14-23-04-https://www.ncbi.nlm.nih.gov:443 "GET /labs/pmc/articles/PMC7291292/ HTTP/1.1" 200 None
30-Jan-22 14-23-15-Starting new HTTPS connection (2): www.ncbi.nlm.nih.gov:443
30-Jan-22 14-23-17-https://www.ncbi.nlm.nih.gov:443 "GET /labs/pmc/articles/PMC7729598 HTTP/1.1" 301 120
30-Jan-22 14-23-21-Starting new HTTPS connection (1): www.ncbi.nlm.nih.gov:443
30-Jan-22 14-23-23-https://www.ncbi.nlm.nih.gov:443 "GET /labs/pmc/articles/PMC7291292 HTTP/1.1" 301 120
30-Jan-22 14-23-24-https://www.ncbi.nlm.nih.gov:443 "GET /labs/pmc/articles/PMC7291292/ HTTP/1.1" 200 None
30-Jan-22 14-23-35-Starting new HTTPS connection (2): www.ncbi.nlm.nih.gov:443
30-Jan-22 14-23-37-https://www.ncbi.nlm.nih.gov:443 "GET /labs/pmc/articles/PMC7729598 HTTP/1.1" 301 120
30-Jan-22 14-23-37-https://www.ncbi.nlm.nih.gov:443 "GET /labs/pmc/articles/PMC7729598/ HTTP/1.1" 200 None
30-Jan-22 14-23-39-https://www.ncbi.nlm.nih.gov:443 "GET /labs/pmc/articles/PMC7729598/bin/ijms-21-08968-s001.pdf HTTP/1.1" 200 123601
30-Jan-22 14-23-49-Resetting dropped connection: www.ncbi.nlm.nih.gov
30-Jan-22 14-23-51-https://www.ncbi.nlm.nih.gov:443 "GET /labs/pmc/articles/PMC2095462 HTTP/1.1" 301 120
30-Jan-22 14-23-52-https://www.ncbi.nlm.nih.gov:443 "GET /labs/pmc/articles/PMC2095462/ HTTP/1.1" 200 None
30-Jan-22 14-24-03-Resetting dropped connection: www.ncbi.nlm.nih.gov
30-Jan-22 14-24-05-https://www.ncbi.nlm.nih.gov:443 "GET /labs/pmc/articles/PMC7991796 HTTP/1.1" 301 120
30-Jan-22 14-24-06-https://www.ncbi.nlm.nih.gov:443 "GET /labs/pmc/articles/PMC7991796/ HTTP/1.1" 200 None
30-Jan-22 14-24-17-Resetting dropped connection: www.ncbi.nlm.nih.gov
30-Jan-22 14-24-19-https://www.ncbi.nlm.nih.gov:443 "GET /labs/pmc/articles/PMC3328835 HTTP/1.1" 301 120
30-Jan-22 14-24-20-https://www.ncbi.nlm.nih.gov:443 "GET /labs/pmc/articles/PMC3328835/ HTTP/1.1" 200 None
30-Jan-22 14-24-31-Resetting dropped connection: www.ncbi.nlm.nih.gov
30-Jan-22 14-24-33-https://www.ncbi.nlm.nih.gov:443 "GET /labs/pmc/articles/PMC6001770 HTTP/1.1" 301 120
30-Jan-22 14-24-34-https://www.ncbi.nlm.nih.gov:443 "GET /labs/pmc/articles/PMC6001770/ HTTP/1.1" 200 None
30-Jan-22 14-24-46-Starting new HTTPS connection (1): www.ncbi.nlm.nih.gov:443
30-Jan-22 14-24-48-https://www.ncbi.nlm.nih.gov:443 "GET /labs/pmc/articles/PMC7291292 HTTP/1.1" 301 120
30-Jan-22 14-24-49-https://www.ncbi.nlm.nih.gov:443 "GET /labs/pmc/articles/PMC7291292/ HTTP/1.1" 200 None
30-Jan-22 14-24-50-Resetting dropped connection: www.ncbi.nlm.nih.gov
30-Jan-22 14-24-53-https://www.ncbi.nlm.nih.gov:443 "GET /labs/pmc/articles/PMC7291292/bin/NIHMS1589843-supplement-1.pdf HTTP/1.1" 200 2015531
30-Jan-22 14-25-11-Resetting dropped connection: www.ncbi.nlm.nih.gov
30-Jan-22 14-25-13-https://www.ncbi.nlm.nih.gov:443 "GET /labs/pmc/articles/PMC7729598 HTTP/1.1" 301 120
30-Jan-22 14-25-14-https://www.ncbi.nlm.nih.gov:443 "GET /labs/pmc/articles/PMC7729598/ HTTP/1.1" 200 None
30-Jan-22 14-25-15-https://www.ncbi.nlm.nih.gov:443 "GET /labs/pmc/articles/PMC7729598/bin/ijms-21-08968-s001.pdf HTTP/1.1" 200 123601
30-Jan-22 14-25-25-Resetting dropped connection: www.ncbi.nlm.nih.gov
30-Jan-22 14-25-27-https://www.ncbi.nlm.nih.gov:443 "GET /labs/pmc/articles/PMC2095462 HTTP/1.1" 301 120
30-Jan-22 14-25-28-https://www.ncbi.nlm.nih.gov:443 "GET /labs/pmc/articles/PMC2095462/ HTTP/1.1" 200 None
30-Jan-22 14-25-39-Resetting dropped connection: www.ncbi.nlm.nih.gov
30-Jan-22 14-25-41-https://www.ncbi.nlm.nih.gov:443 "GET /labs/pmc/articles/PMC7991796 HTTP/1.1" 301 120
30-Jan-22 14-25-42-https://www.ncbi.nlm.nih.gov:443 "GET /labs/pmc/articles/PMC7991796/ HTTP/1.1" 200 None
30-Jan-22 14-25-50-Starting new HTTPS connection (1): www.ncbi.nlm.nih.gov:443
30-Jan-22 14-25-52-https://www.ncbi.nlm.nih.gov:443 "GET /labs/pmc/articles/PMC7291292 HTTP/1.1" 301 120
30-Jan-22 14-25-53-https://www.ncbi.nlm.nih.gov:443 "GET /labs/pmc/articles/PMC7291292/ HTTP/1.1" 200 None
30-Jan-22 14-25-54-Resetting dropped connection: www.ncbi.nlm.nih.gov
30-Jan-22 14-25-57-https://www.ncbi.nlm.nih.gov:443 "GET /labs/pmc/articles/PMC7291292/bin/NIHMS1589843-supplement-1.pdf HTTP/1.1" 200 2015531
30-Jan-22 14-26-11-Starting new HTTPS connection (1): www.ncbi.nlm.nih.gov:443
30-Jan-22 14-26-13-https://www.ncbi.nlm.nih.gov:443 "GET /labs/pmc/articles/PMC7291292 HTTP/1.1" 301 120
30-Jan-22 14-26-14-https://www.ncbi.nlm.nih.gov:443 "GET /labs/pmc/articles/PMC7291292/ HTTP/1.1" 200 None
30-Jan-22 14-26-25-Starting new HTTPS connection (2): www.ncbi.nlm.nih.gov:443
30-Jan-22 14-26-27-https://www.ncbi.nlm.nih.gov:443 "GET /labs/pmc/articles/PMC7729598 HTTP/1.1" 301 120
30-Jan-22 14-26-28-https://www.ncbi.nlm.nih.gov:443 "GET /labs/pmc/articles/PMC7729598/ HTTP/1.1" 200 None
30-Jan-22 14-26-29-https://www.ncbi.nlm.nih.gov:443 "GET /labs/pmc/articles/PMC7729598/bin/ijms-21-08968-s001.pdf HTTP/1.1" 200 123601
30-Jan-22 14-34-56-Starting new HTTPS connection (1): www.ncbi.nlm.nih.gov:443
30-Jan-22 14-34-59-https://www.ncbi.nlm.nih.gov:443 "GET /labs/pmc/articles/PMC7291292 HTTP/1.1" 301 120
30-Jan-22 14-35-00-https://www.ncbi.nlm.nih.gov:443 "GET /labs/pmc/articles/PMC7291292/ HTTP/1.1" 200 None
on 0: 30-Jan-22 14-35-02-Resetting dropped connection: www.ncbi.nlm.nih.gov
on 0: 30-Jan-22 14-35-03-https://www.ncbi.nlm.nih.gov:443 "GET /labs/pmc/articles/PMC7291292/bin/NIHMS1589843-supplement-1.pdf HTTP/1.1" 200 2015531
30-Jan-22 14-35-19-Resetting dropped connection: www.ncbi.nlm.nih.gov
30-Jan-22 14-35-21-https://www.ncbi.nlm.nih.gov:443 "GET /labs/pmc/articles/PMC7729598 HTTP/1.1" 301 120
30-Jan-22 14-35-21-https://www.ncbi.nlm.nih.gov:443 "GET /labs/pmc/articles/PMC7729598/ HTTP/1.1" 200 None
30-Jan-22 14-35-33-Starting new HTTPS connection (2): www.ncbi.nlm.nih.gov:443
30-Jan-22 14-35-34-https://www.ncbi.nlm.nih.gov:443 "GET /labs/pmc/articles/PMC2095462 HTTP/1.1" 301 120
30-Jan-22 14-35-35-https://www.ncbi.nlm.nih.gov:443 "GET /labs/pmc/articles/PMC2095462/ HTTP/1.1" 200 None
30-Jan-22 14-35-46-Resetting dropped connection: www.ncbi.nlm.nih.gov
30-Jan-22 14-35-48-https://www.ncbi.nlm.nih.gov:443 "GET /labs/pmc/articles/PMC7991796 HTTP/1.1" 301 120
30-Jan-22 14-35-49-https://www.ncbi.nlm.nih.gov:443 "GET /labs/pmc/articles/PMC7991796/ HTTP/1.1" 200 None
30-Jan-22 14-36-01-Resetting dropped connection: www.ncbi.nlm.nih.gov
30-Jan-22 14-36-03-https://www.ncbi.nlm.nih.gov:443 "GET /labs/pmc/articles/PMC3328835 HTTP/1.1" 301 120
30-Jan-22 14-36-04-https://www.ncbi.nlm.nih.gov:443 "GET /labs/pmc/articles/PMC3328835/ HTTP/1.1" 200 None
30-Jan-22 14-36-14-Resetting dropped connection: www.ncbi.nlm.nih.gov
30-Jan-22 14-36-16-https://www.ncbi.nlm.nih.gov:443 "GET /labs/pmc/articles/PMC6001770 HTTP/1.1" 301 120
30-Jan-22 14-36-17-https://www.ncbi.nlm.nih.gov:443 "GET /labs/pmc/articles/PMC6001770/ HTTP/1.1" 200 None
30-Jan-22 14-51-51-Starting new HTTPS connection (1): www.ncbi.nlm.nih.gov:443
30-Jan-22 14-51-53-https://www.ncbi.nlm.nih.gov:443 "GET /labs/pmc/articles/PMC7291292 HTTP/1.1" 301 120
30-Jan-22 14-51-54-https://www.ncbi.nlm.nih.gov:443 "GET /labs/pmc/articles/PMC7291292/ HTTP/1.1" 200 None
on 0: 30-Jan-22 14-51-55-Resetting dropped connection: www.ncbi.nlm.nih.gov
on 0: 30-Jan-22 14-51-57-https://www.ncbi.nlm.nih.gov:443 "GET /labs/pmc/articles/PMC7291292/bin/NIHMS1589843-supplement-1.pdf HTTP/1.1" 200 2015531
on 0: 30-Jan-22 14-54-47-Starting new HTTPS connection (1): www.ncbi.nlm.nih.gov:443
on 0: 30-Jan-22 14-54-50-https://www.ncbi.nlm.nih.gov:443 "GET /labs/pmc/articles/PMC7291292 HTTP/1.1" 301 120
on 0: 30-Jan-22 14-54-50-https://www.ncbi.nlm.nih.gov:443 "GET /labs/pmc/articles/PMC7291292/ HTTP/1.1" 200 None
on 0: 30-Jan-22 14-54-52-Resetting dropped connection: www.ncbi.nlm.nih.gov
on 0: 30-Jan-22 14-54-54-https://www.ncbi.nlm.nih.gov:443 "GET /labs/pmc/articles/PMC7291292/bin/NIHMS1589843-supplement-1.pdf HTTP/1.1" 200 2015531
on 0: 30-Jan-22 14-58-13-Starting new HTTPS connection (1): www.ncbi.nlm.nih.gov:443
on 0: 30-Jan-22 14-58-15-https://www.ncbi.nlm.nih.gov:443 "GET /labs/pmc/articles/PMC6001770 HTTP/1.1" 301 120
on 0: 30-Jan-22 14-58-16-https://www.ncbi.nlm.nih.gov:443 "GET /labs/pmc/articles/PMC6001770/ HTTP/1.1" 200 None
30-Jan-22 15-00-46-Starting new HTTPS connection (1): www.ncbi.nlm.nih.gov:443
30-Jan-22 15-00-48-https://www.ncbi.nlm.nih.gov:443 "GET /labs/pmc/articles/PMC7291292 HTTP/1.1" 301 120
30-Jan-22 15-00-49-https://www.ncbi.nlm.nih.gov:443 "GET /labs/pmc/articles/PMC7291292/ HTTP/1.1" 200 None
30-Jan-22 15-00-50-Resetting dropped connection: www.ncbi.nlm.nih.gov
30-Jan-22 15-00-51-https://www.ncbi.nlm.nih.gov:443 "GET /labs/pmc/articles/PMC7291292/bin/NIHMS1589843-supplement-1.pdf HTTP/1.1" 200 2015531
30-Jan-22 15-01-07-Resetting dropped connection: www.ncbi.nlm.nih.gov
30-Jan-22 15-01-09-https://www.ncbi.nlm.nih.gov:443 "GET /labs/pmc/articles/PMC7729598 HTTP/1.1" 301 120
30-Jan-22 15-01-10-https://www.ncbi.nlm.nih.gov:443 "GET /labs/pmc/articles/PMC7729598/ HTTP/1.1" 200 None
30-Jan-22 15-01-21-Starting new HTTPS connection (2): www.ncbi.nlm.nih.gov:443
30-Jan-22 15-01-23-https://www.ncbi.nlm.nih.gov:443 "GET /labs/pmc/articles/PMC2095462 HTTP/1.1" 301 120
30-Jan-22 15-01-24-https://www.ncbi.nlm.nih.gov:443 "GET /labs/pmc/articles/PMC2095462/ HTTP/1.1" 200 None
30-Jan-22 15-01-34-Resetting dropped connection: www.ncbi.nlm.nih.gov
30-Jan-22 15-01-36-https://www.ncbi.nlm.nih.gov:443 "GET /labs/pmc/articles/PMC7991796 HTTP/1.1" 301 120
30-Jan-22 15-01-37-https://www.ncbi.nlm.nih.gov:443 "GET /labs/pmc/articles/PMC7991796/ HTTP/1.1" 200 None
30-Jan-22 15-01-48-Resetting dropped connection: www.ncbi.nlm.nih.gov
30-Jan-22 15-01-50-https://www.ncbi.nlm.nih.gov:443 "GET /labs/pmc/articles/PMC3328835 HTTP/1.1" 301 120
30-Jan-22 15-01-51-https://www.ncbi.nlm.nih.gov:443 "GET /labs/pmc/articles/PMC3328835/ HTTP/1.1" 200 None
30-Jan-22 15-03-52-Starting new HTTPS connection (1): www.ncbi.nlm.nih.gov:443
30-Jan-22 15-03-55-https://www.ncbi.nlm.nih.gov:443 "GET /labs/pmc/articles/PMC7291292 HTTP/1.1" 301 120
30-Jan-22 15-03-56-https://www.ncbi.nlm.nih.gov:443 "GET /labs/pmc/articles/PMC7291292/ HTTP/1.1" 200 None
30-Jan-22 15-03-57-Resetting dropped connection: www.ncbi.nlm.nih.gov
30-Jan-22 15-03-59-https://www.ncbi.nlm.nih.gov:443 "GET /labs/pmc/articles/PMC7291292/bin/NIHMS1589843-supplement-1.pdf HTTP/1.1" 200 2015531
30-Jan-22 15-04-13-Resetting dropped connection: www.ncbi.nlm.nih.gov
30-Jan-22 15-04-14-https://www.ncbi.nlm.nih.gov:443 "GET /labs/pmc/articles/PMC7729598 HTTP/1.1" 301 120
30-Jan-22 15-04-15-https://www.ncbi.nlm.nih.gov:443 "GET /labs/pmc/articles/PMC7729598/ HTTP/1.1" 200 None
30-Jan-22 15-04-16-https://www.ncbi.nlm.nih.gov:443 "GET /labs/pmc/articles/PMC7729598/bin/ijms-21-08968-s001.pdf HTTP/1.1" 200 123601
30-Jan-22 15-04-27-Resetting dropped connection: www.ncbi.nlm.nih.gov
30-Jan-22 15-04-28-https://www.ncbi.nlm.nih.gov:443 "GET /labs/pmc/articles/PMC2095462 HTTP/1.1" 301 120
30-Jan-22 15-04-29-https://www.ncbi.nlm.nih.gov:443 "GET /labs/pmc/articles/PMC2095462/ HTTP/1.1" 200 None
30-Jan-22 15-04-40-Resetting dropped connection: www.ncbi.nlm.nih.gov
30-Jan-22 15-04-42-https://www.ncbi.nlm.nih.gov:443 "GET /labs/pmc/articles/PMC7991796 HTTP/1.1" 301 120
30-Jan-22 15-04-42-https://www.ncbi.nlm.nih.gov:443 "GET /labs/pmc/articles/PMC7991796/ HTTP/1.1" 200 None
30-Jan-22 15-04-54-Resetting dropped connection: www.ncbi.nlm.nih.gov
30-Jan-22 15-04-55-https://www.ncbi.nlm.nih.gov:443 "GET /labs/pmc/articles/PMC3328835 HTTP/1.1" 301 120
30-Jan-22 15-04-56-https://www.ncbi.nlm.nih.gov:443 "GET /labs/pmc/articles/PMC3328835/ HTTP/1.1" 200 None
30-Jan-22 15-05-06-Resetting dropped connection: www.ncbi.nlm.nih.gov
30-Jan-22 15-05-08-https://www.ncbi.nlm.nih.gov:443 "GET /labs/pmc/articles/PMC6001770 HTTP/1.1" 301 120
30-Jan-22 15-05-09-https://www.ncbi.nlm.nih.gov:443 "GET /labs/pmc/articles/PMC6001770/ HTTP/1.1" 200 None
30-Jan-22 15-05-50-Starting new HTTPS connection (1): www.ncbi.nlm.nih.gov:443
30-Jan-22 15-05-53-https://www.ncbi.nlm.nih.gov:443 "GET /labs/pmc/articles/PMC7291292 HTTP/1.1" 301 120
30-Jan-22 15-05-54-https://www.ncbi.nlm.nih.gov:443 "GET /labs/pmc/articles/PMC7291292/ HTTP/1.1" 200 None
30-Jan-22 15-05-55-Resetting dropped connection: www.ncbi.nlm.nih.gov
30-Jan-22 15-05-57-https://www.ncbi.nlm.nih.gov:443 "GET /labs/pmc/articles/PMC7291292/bin/NIHMS1589843-supplement-1.pdf HTTP/1.1" 200 2015531
30-Jan-22 15-06-07-Starting new HTTPS connection (2): www.ncbi.nlm.nih.gov:443
30-Jan-22 15-06-09-https://www.ncbi.nlm.nih.gov:443 "GET /labs/pmc/articles/PMC7729598 HTTP/1.1" 301 120
30-Jan-22 15-06-10-https://www.ncbi.nlm.nih.gov:443 "GET /labs/pmc/articles/PMC7729598/ HTTP/1.1" 200 None
30-Jan-22 15-08-01-Starting new HTTPS connection (1): www.ncbi.nlm.nih.gov:443
30-Jan-22 15-08-04-https://www.ncbi.nlm.nih.gov:443 "GET /labs/pmc/articles/PMC7291292 HTTP/1.1" 301 120
30-Jan-22 15-08-05-https://www.ncbi.nlm.nih.gov:443 "GET /labs/pmc/articles/PMC7291292/ HTTP/1.1" 200 None
30-Jan-22 15-08-06-Resetting dropped connection: www.ncbi.nlm.nih.gov
30-Jan-22 15-08-08-https://www.ncbi.nlm.nih.gov:443 "GET /labs/pmc/articles/PMC7291292/bin/NIHMS1589843-supplement-1.pdf HTTP/1.1" 200 2015531
30-Jan-22 15-08-18-Starting new HTTPS connection (2): www.ncbi.nlm.nih.gov:443
30-Jan-22 15-08-19-https://www.ncbi.nlm.nih.gov:443 "GET /labs/pmc/articles/PMC7729598 HTTP/1.1" 301 120
30-Jan-22 15-08-20-https://www.ncbi.nlm.nih.gov:443 "GET /labs/pmc/articles/PMC7729598/ HTTP/1.1" 200 None
30-Jan-22 15-08-21-https://www.ncbi.nlm.nih.gov:443 "GET /labs/pmc/articles/PMC7729598/bin/ijms-21-08968-s001.pdf HTTP/1.1" 200 123601
30-Jan-22 15-08-31-Starting new HTTPS connection (3): www.ncbi.nlm.nih.gov:443
30-Jan-22 15-08-32-https://www.ncbi.nlm.nih.gov:443 "GET /labs/pmc/articles/PMC2095462 HTTP/1.1" 301 120
30-Jan-22 15-08-33-https://www.ncbi.nlm.nih.gov:443 "GET /labs/pmc/articles/PMC2095462/ HTTP/1.1" 200 None
30-Jan-22 15-08-43-Resetting dropped connection: www.ncbi.nlm.nih.gov
30-Jan-22 15-08-45-https://www.ncbi.nlm.nih.gov:443 "GET /labs/pmc/articles/PMC7991796 HTTP/1.1" 301 120
30-Jan-22 15-08-46-https://www.ncbi.nlm.nih.gov:443 "GET /labs/pmc/articles/PMC7991796/ HTTP/1.1" 200 None
30-Jan-22 15-08-57-Resetting dropped connection: www.ncbi.nlm.nih.gov
30-Jan-22 15-08-59-https://www.ncbi.nlm.nih.gov:443 "GET /labs/pmc/articles/PMC3328835 HTTP/1.1" 301 120
30-Jan-22 15-09-00-https://www.ncbi.nlm.nih.gov:443 "GET /labs/pmc/articles/PMC3328835/ HTTP/1.1" 200 None
30-Jan-22 15-09-10-Resetting dropped connection: www.ncbi.nlm.nih.gov
30-Jan-22 15-09-13-https://www.ncbi.nlm.nih.gov:443 "GET /labs/pmc/articles/PMC6001770 HTTP/1.1" 301 120
30-Jan-22 15-09-13-https://www.ncbi.nlm.nih.gov:443 "GET /labs/pmc/articles/PMC6001770/ HTTP/1.1" 200 None
30-Jan-22 15-09-32-Starting new HTTPS connection (1): www.ncbi.nlm.nih.gov:443
30-Jan-22 15-09-34-https://www.ncbi.nlm.nih.gov:443 "GET /labs/pmc/articles/PMC7291292 HTTP/1.1" 301 120
30-Jan-22 15-09-35-https://www.ncbi.nlm.nih.gov:443 "GET /labs/pmc/articles/PMC7291292/ HTTP/1.1" 200 None
30-Jan-22 15-09-36-Resetting dropped connection: www.ncbi.nlm.nih.gov
30-Jan-22 15-09-38-https://www.ncbi.nlm.nih.gov:443 "GET /labs/pmc/articles/PMC7291292/bin/NIHMS1589843-supplement-1.pdf HTTP/1.1" 200 2015531
30-Jan-22 15-09-54-Resetting dropped connection: www.ncbi.nlm.nih.gov
30-Jan-22 15-09-56-https://www.ncbi.nlm.nih.gov:443 "GET /labs/pmc/articles/PMC7729598 HTTP/1.1" 301 120
30-Jan-22 15-09-56-https://www.ncbi.nlm.nih.gov:443 "GET /labs/pmc/articles/PMC7729598/ HTTP/1.1" 200 None
30-Jan-22 15-10-08-Starting new HTTPS connection (2): www.ncbi.nlm.nih.gov:443
30-Jan-22 15-10-09-https://www.ncbi.nlm.nih.gov:443 "GET /labs/pmc/articles/PMC2095462 HTTP/1.1" 301 120
30-Jan-22 15-10-10-https://www.ncbi.nlm.nih.gov:443 "GET /labs/pmc/articles/PMC2095462/ HTTP/1.1" 200 None
30-Jan-22 15-10-20-Resetting dropped connection: www.ncbi.nlm.nih.gov
30-Jan-22 15-10-22-https://www.ncbi.nlm.nih.gov:443 "GET /labs/pmc/articles/PMC7991796 HTTP/1.1" 301 120
30-Jan-22 15-10-23-https://www.ncbi.nlm.nih.gov:443 "GET /labs/pmc/articles/PMC7991796/ HTTP/1.1" 200 None
30-Jan-22 15-10-34-Resetting dropped connection: www.ncbi.nlm.nih.gov
30-Jan-22 15-10-36-https://www.ncbi.nlm.nih.gov:443 "GET /labs/pmc/articles/PMC3328835 HTTP/1.1" 301 120
30-Jan-22 15-10-37-https://www.ncbi.nlm.nih.gov:443 "GET /labs/pmc/articles/PMC3328835/ HTTP/1.1" 200 None
30-Jan-22 15-12-25-Starting new HTTPS connection (1): www.ncbi.nlm.nih.gov:443
30-Jan-22 15-12-27-https://www.ncbi.nlm.nih.gov:443 "GET /labs/pmc/articles/PMC7291292 HTTP/1.1" 301 120
30-Jan-22 15-12-28-https://www.ncbi.nlm.nih.gov:443 "GET /labs/pmc/articles/PMC7291292/ HTTP/1.1" 200 None
30-Jan-22 15-12-39-Starting new HTTPS connection (2): www.ncbi.nlm.nih.gov:443
30-Jan-22 15-12-41-https://www.ncbi.nlm.nih.gov:443 "GET /labs/pmc/articles/PMC7729598 HTTP/1.1" 301 120
30-Jan-22 15-12-42-https://www.ncbi.nlm.nih.gov:443 "GET /labs/pmc/articles/PMC7729598/ HTTP/1.1" 200 None
30-Jan-22 15-12-43-https://www.ncbi.nlm.nih.gov:443 "GET /labs/pmc/articles/PMC7729598/bin/ijms-21-08968-s001.pdf HTTP/1.1" 200 123601
30-Jan-22 15-12-53-Resetting dropped connection: www.ncbi.nlm.nih.gov
30-Jan-22 15-12-56-https://www.ncbi.nlm.nih.gov:443 "GET /labs/pmc/articles/PMC7708923 HTTP/1.1" 301 120
30-Jan-22 15-12-56-https://www.ncbi.nlm.nih.gov:443 "GET /labs/pmc/articles/PMC7708923/ HTTP/1.1" 200 None
30-Jan-22 15-12-58-Resetting dropped connection: www.ncbi.nlm.nih.gov
30-Jan-22 15-13-00-https://www.ncbi.nlm.nih.gov:443 "GET /labs/pmc/articles/PMC7708923/bin/12934_2020_1463_MOESM1_ESM.tiff HTTP/1.1" 200 None
30-Jan-22 15-13-00-Starting new HTTPS connection (3): www.ncbi.nlm.nih.gov:443
30-Jan-22 15-13-01-https://www.ncbi.nlm.nih.gov:443 "GET /labs/pmc/articles/PMC7708923/bin/12934_2020_1463_MOESM2_ESM.tif HTTP/1.1" 200 None
30-Jan-22 15-13-01-Starting new HTTPS connection (4): www.ncbi.nlm.nih.gov:443
30-Jan-22 15-13-03-https://www.ncbi.nlm.nih.gov:443 "GET /labs/pmc/articles/PMC7708923/bin/12934_2020_1463_MOESM3_ESM.xlsx HTTP/1.1" 200 6642
30-Jan-22 15-13-04-https://www.ncbi.nlm.nih.gov:443 "GET /labs/pmc/articles/PMC7708923/bin/12934_2020_1463_MOESM4_ESM.tif HTTP/1.1" 200 None
30-Jan-22 15-13-04-Starting new HTTPS connection (5): www.ncbi.nlm.nih.gov:443
30-Jan-22 15-13-05-https://www.ncbi.nlm.nih.gov:443 "GET /labs/pmc/articles/PMC7708923/bin/12934_2020_1463_MOESM5_ESM.tif HTTP/1.1" 200 None
30-Jan-22 15-13-05-Starting new HTTPS connection (6): www.ncbi.nlm.nih.gov:443
30-Jan-22 15-13-07-https://www.ncbi.nlm.nih.gov:443 "GET /labs/pmc/articles/PMC7708923/bin/12934_2020_1463_MOESM6_ESM.xlsx HTTP/1.1" 200 6776
30-Jan-22 15-13-07-https://www.ncbi.nlm.nih.gov:443 "GET /labs/pmc/articles/PMC7708923/bin/12934_2020_1463_MOESM7_ESM.xlsx HTTP/1.1" 200 7980
30-Jan-22 15-13-08-https://www.ncbi.nlm.nih.gov:443 "GET /labs/pmc/articles/PMC7708923/bin/12934_2020_1463_MOESM8_ESM.xlsx HTTP/1.1" 200 7428
30-Jan-22 15-13-08-https://www.ncbi.nlm.nih.gov:443 "GET /labs/pmc/articles/PMC7708923/bin/12934_2020_1463_MOESM9_ESM.xlsx HTTP/1.1" 200 7394
30-Jan-22 15-13-09-https://www.ncbi.nlm.nih.gov:443 "GET /labs/pmc/articles/PMC7708923/bin/12934_2020_1463_MOESM10_ESM.xlsx HTTP/1.1" 200 7214
30-Jan-22 15-13-09-https://www.ncbi.nlm.nih.gov:443 "GET /labs/pmc/articles/PMC7708923/bin/12934_2020_1463_MOESM11_ESM.xlsx HTTP/1.1" 200 6579
30-Jan-22 15-13-10-https://www.ncbi.nlm.nih.gov:443 "GET /labs/pmc/articles/PMC7708923/bin/12934_2020_1463_MOESM12_ESM.xlsx HTTP/1.1" 200 6117
30-Jan-22 15-13-10-https://www.ncbi.nlm.nih.gov:443 "GET /labs/pmc/articles/PMC7708923/bin/12934_2020_1463_MOESM13_ESM.xlsx HTTP/1.1" 200 6857
30-Jan-22 15-13-10-https://www.ncbi.nlm.nih.gov:443 "GET /labs/pmc/articles/PMC7708923/bin/12934_2020_1463_MOESM14_ESM.xlsx HTTP/1.1" 200 6233
30-Jan-22 15-13-11-https://www.ncbi.nlm.nih.gov:443 "GET /labs/pmc/articles/PMC7708923/bin/12934_2020_1463_MOESM15_ESM.tif HTTP/1.1" 200 None
30-Jan-22 15-13-21-Starting new HTTPS connection (7): www.ncbi.nlm.nih.gov:443
30-Jan-22 15-13-22-https://www.ncbi.nlm.nih.gov:443 "GET /labs/pmc/articles/PMC7721221 HTTP/1.1" 301 120
30-Jan-22 15-13-23-https://www.ncbi.nlm.nih.gov:443 "GET /labs/pmc/articles/PMC7721221/ HTTP/1.1" 200 None
30-Jan-22 15-13-24-Starting new HTTPS connection (8): www.ncbi.nlm.nih.gov:443
30-Jan-22 15-13-26-https://www.ncbi.nlm.nih.gov:443 "GET /labs/pmc/articles/PMC7721221/bin/ct9-11-e00235-s002.pdf HTTP/1.1" 200 93976
30-Jan-22 15-13-27-https://www.ncbi.nlm.nih.gov:443 "GET /labs/pmc/articles/PMC7721221/bin/ct9-11-e00235-s003.pdf HTTP/1.1" 200 248114
30-Jan-22 15-13-29-Starting new HTTPS connection (9): www.ncbi.nlm.nih.gov:443
30-Jan-22 15-13-30-https://www.ncbi.nlm.nih.gov:443 "GET /labs/pmc/articles/PMC7721221/bin/ct9-11-e00235-s005.pdf HTTP/1.1" 200 52860
30-Jan-22 15-13-31-Starting new HTTPS connection (10): www.ncbi.nlm.nih.gov:443
30-Jan-22 15-13-33-https://www.ncbi.nlm.nih.gov:443 "GET /labs/pmc/articles/PMC7721221/bin/ct9-11-e00235-s007.pdf HTTP/1.1" 200 213745
30-Jan-22 15-15-40-Starting new HTTPS connection (1): www.ncbi.nlm.nih.gov:443
30-Jan-22 15-15-42-https://www.ncbi.nlm.nih.gov:443 "GET /labs/pmc/articles/PMC7291292 HTTP/1.1" 301 120
30-Jan-22 15-15-43-https://www.ncbi.nlm.nih.gov:443 "GET /labs/pmc/articles/PMC7291292/ HTTP/1.1" 200 None
30-Jan-22 15-15-44-Resetting dropped connection: www.ncbi.nlm.nih.gov
30-Jan-22 15-15-46-https://www.ncbi.nlm.nih.gov:443 "GET /labs/pmc/articles/PMC7291292/bin/NIHMS1589843-supplement-1.pdf HTTP/1.1" 200 2015531
30-Jan-22 15-16-21-Resetting dropped connection: www.ncbi.nlm.nih.gov
30-Jan-22 15-16-23-https://www.ncbi.nlm.nih.gov:443 "GET /labs/pmc/articles/PMC7729598 HTTP/1.1" 301 120
30-Jan-22 15-16-23-https://www.ncbi.nlm.nih.gov:443 "GET /labs/pmc/articles/PMC7729598/ HTTP/1.1" 200 None
30-Jan-22 15-16-55-Starting new HTTPS connection (2): www.ncbi.nlm.nih.gov:443
30-Jan-22 15-16-57-https://www.ncbi.nlm.nih.gov:443 "GET /labs/pmc/articles/PMC7708923 HTTP/1.1" 301 120
30-Jan-22 15-16-58-https://www.ncbi.nlm.nih.gov:443 "GET /labs/pmc/articles/PMC7708923/ HTTP/1.1" 200 None
30-Jan-22 15-16-59-Resetting dropped connection: www.ncbi.nlm.nih.gov
30-Jan-22 15-17-01-https://www.ncbi.nlm.nih.gov:443 "GET /labs/pmc/articles/PMC7708923/bin/12934_2020_1463_MOESM1_ESM.tiff HTTP/1.1" 200 None
30-Jan-22 15-17-01-Starting new HTTPS connection (3): www.ncbi.nlm.nih.gov:443
30-Jan-22 15-17-02-https://www.ncbi.nlm.nih.gov:443 "GET /labs/pmc/articles/PMC7708923/bin/12934_2020_1463_MOESM2_ESM.tif HTTP/1.1" 200 None
30-Jan-22 15-17-02-Starting new HTTPS connection (4): www.ncbi.nlm.nih.gov:443
30-Jan-22 15-17-04-https://www.ncbi.nlm.nih.gov:443 "GET /labs/pmc/articles/PMC7708923/bin/12934_2020_1463_MOESM3_ESM.xlsx HTTP/1.1" 200 6642
30-Jan-22 15-17-05-https://www.ncbi.nlm.nih.gov:443 "GET /labs/pmc/articles/PMC7708923/bin/12934_2020_1463_MOESM4_ESM.tif HTTP/1.1" 200 None
30-Jan-22 15-17-05-Starting new HTTPS connection (5): www.ncbi.nlm.nih.gov:443
30-Jan-22 15-17-07-https://www.ncbi.nlm.nih.gov:443 "GET /labs/pmc/articles/PMC7708923/bin/12934_2020_1463_MOESM5_ESM.tif HTTP/1.1" 200 None
30-Jan-22 15-17-07-Starting new HTTPS connection (6): www.ncbi.nlm.nih.gov:443
30-Jan-22 15-17-09-https://www.ncbi.nlm.nih.gov:443 "GET /labs/pmc/articles/PMC7708923/bin/12934_2020_1463_MOESM6_ESM.xlsx HTTP/1.1" 200 6776
30-Jan-22 15-17-09-https://www.ncbi.nlm.nih.gov:443 "GET /labs/pmc/articles/PMC7708923/bin/12934_2020_1463_MOESM7_ESM.xlsx HTTP/1.1" 200 7980
30-Jan-22 15-17-10-https://www.ncbi.nlm.nih.gov:443 "GET /labs/pmc/articles/PMC7708923/bin/12934_2020_1463_MOESM8_ESM.xlsx HTTP/1.1" 200 7428
30-Jan-22 15-17-11-https://www.ncbi.nlm.nih.gov:443 "GET /labs/pmc/articles/PMC7708923/bin/12934_2020_1463_MOESM9_ESM.xlsx HTTP/1.1" 200 7394
30-Jan-22 15-17-11-https://www.ncbi.nlm.nih.gov:443 "GET /labs/pmc/articles/PMC7708923/bin/12934_2020_1463_MOESM10_ESM.xlsx HTTP/1.1" 200 7214
30-Jan-22 15-17-12-https://www.ncbi.nlm.nih.gov:443 "GET /labs/pmc/articles/PMC7708923/bin/12934_2020_1463_MOESM11_ESM.xlsx HTTP/1.1" 200 6579
30-Jan-22 15-17-13-https://www.ncbi.nlm.nih.gov:443 "GET /labs/pmc/articles/PMC7708923/bin/12934_2020_1463_MOESM12_ESM.xlsx HTTP/1.1" 200 6117
30-Jan-22 15-17-13-https://www.ncbi.nlm.nih.gov:443 "GET /labs/pmc/articles/PMC7708923/bin/12934_2020_1463_MOESM13_ESM.xlsx HTTP/1.1" 200 6857
30-Jan-22 15-17-14-https://www.ncbi.nlm.nih.gov:443 "GET /labs/pmc/articles/PMC7708923/bin/12934_2020_1463_MOESM14_ESM.xlsx HTTP/1.1" 200 6233
30-Jan-22 15-17-14-https://www.ncbi.nlm.nih.gov:443 "GET /labs/pmc/articles/PMC7708923/bin/12934_2020_1463_MOESM15_ESM.tif HTTP/1.1" 200 None
30-Jan-22 15-17-44-Starting new HTTPS connection (7): www.ncbi.nlm.nih.gov:443
30-Jan-22 15-17-47-https://www.ncbi.nlm.nih.gov:443 "GET /labs/pmc/articles/PMC7721221 HTTP/1.1" 301 120
30-Jan-22 15-17-47-https://www.ncbi.nlm.nih.gov:443 "GET /labs/pmc/articles/PMC7721221/ HTTP/1.1" 200 None
30-Jan-22 15-17-48-https://www.ncbi.nlm.nih.gov:443 "GET /labs/pmc/articles/PMC7721221/bin/ct9-11-e00235-s001.pdf HTTP/1.1" 200 295980
30-Jan-22 15-17-51-https://www.ncbi.nlm.nih.gov:443 "GET /labs/pmc/articles/PMC7721221/bin/ct9-11-e00235-s002.pdf HTTP/1.1" 200 93976
30-Jan-22 15-17-52-https://www.ncbi.nlm.nih.gov:443 "GET /labs/pmc/articles/PMC7721221/bin/ct9-11-e00235-s003.pdf HTTP/1.1" 200 248114
30-Jan-22 15-17-53-Starting new HTTPS connection (8): www.ncbi.nlm.nih.gov:443
30-Jan-22 15-17-55-https://www.ncbi.nlm.nih.gov:443 "GET /labs/pmc/articles/PMC7721221/bin/ct9-11-e00235-s005.pdf HTTP/1.1" 200 52860
30-Jan-22 15-17-56-Starting new HTTPS connection (9): www.ncbi.nlm.nih.gov:443
30-Jan-22 15-17-57-https://www.ncbi.nlm.nih.gov:443 "GET /labs/pmc/articles/PMC7721221/bin/ct9-11-e00235-s007.pdf HTTP/1.1" 200 213745
30-Jan-22 15-29-28-Starting new HTTPS connection (1): www.ncbi.nlm.nih.gov:443
30-Jan-22 15-29-31-https://www.ncbi.nlm.nih.gov:443 "GET /labs/pmc/articles/PMC7291292 HTTP/1.1" 301 120
30-Jan-22 15-29-32-https://www.ncbi.nlm.nih.gov:443 "GET /labs/pmc/articles/PMC7291292/ HTTP/1.1" 200 None
30-Jan-22 15-29-33-Resetting dropped connection: www.ncbi.nlm.nih.gov
30-Jan-22 15-29-35-https://www.ncbi.nlm.nih.gov:443 "GET /labs/pmc/articles/PMC7291292/bin/NIHMS1589843-supplement-1.pdf HTTP/1.1" 200 2015531
30-Jan-22 15-30-13-Resetting dropped connection: www.ncbi.nlm.nih.gov
30-Jan-22 15-30-14-https://www.ncbi.nlm.nih.gov:443 "GET /labs/pmc/articles/PMC7557014 HTTP/1.1" 301 120
30-Jan-22 15-30-15-https://www.ncbi.nlm.nih.gov:443 "GET /labs/pmc/articles/PMC7557014/ HTTP/1.1" 200 None
30-Jan-22 15-30-46-Resetting dropped connection: www.ncbi.nlm.nih.gov
30-Jan-22 15-30-48-https://www.ncbi.nlm.nih.gov:443 "GET /labs/pmc/articles/PMC7729598 HTTP/1.1" 301 120
30-Jan-22 15-30-49-https://www.ncbi.nlm.nih.gov:443 "GET /labs/pmc/articles/PMC7729598/ HTTP/1.1" 200 None
30-Jan-22 15-30-50-https://www.ncbi.nlm.nih.gov:443 "GET /labs/pmc/articles/PMC7729598/bin/ijms-21-08968-s001.pdf HTTP/1.1" 200 123601
30-Jan-22 15-31-21-Resetting dropped connection: www.ncbi.nlm.nih.gov
30-Jan-22 15-31-23-https://www.ncbi.nlm.nih.gov:443 "GET /labs/pmc/articles/PMC7708923 HTTP/1.1" 301 120
30-Jan-22 15-31-24-https://www.ncbi.nlm.nih.gov:443 "GET /labs/pmc/articles/PMC7708923/ HTTP/1.1" 200 None
30-Jan-22 15-31-25-Resetting dropped connection: www.ncbi.nlm.nih.gov
30-Jan-22 15-31-27-https://www.ncbi.nlm.nih.gov:443 "GET /labs/pmc/articles/PMC7708923/bin/12934_2020_1463_MOESM1_ESM.tiff HTTP/1.1" 200 None
30-Jan-22 15-31-38-https://www.ncbi.nlm.nih.gov:443 "GET /labs/pmc/articles/PMC7708923/bin/12934_2020_1463_MOESM2_ESM.tif HTTP/1.1" 200 None
30-Jan-22 15-31-38-https://www.ncbi.nlm.nih.gov:443 "GET /labs/pmc/articles/PMC7708923/bin/12934_2020_1463_MOESM3_ESM.xlsx HTTP/1.1" 200 6642
30-Jan-22 15-31-39-https://www.ncbi.nlm.nih.gov:443 "GET /labs/pmc/articles/PMC7708923/bin/12934_2020_1463_MOESM4_ESM.tif HTTP/1.1" 200 None
30-Jan-22 15-31-39-https://www.ncbi.nlm.nih.gov:443 "GET /labs/pmc/articles/PMC7708923/bin/12934_2020_1463_MOESM5_ESM.tif HTTP/1.1" 200 None
30-Jan-22 15-31-40-https://www.ncbi.nlm.nih.gov:443 "GET /labs/pmc/articles/PMC7708923/bin/12934_2020_1463_MOESM6_ESM.xlsx HTTP/1.1" 200 6776
30-Jan-22 15-31-40-https://www.ncbi.nlm.nih.gov:443 "GET /labs/pmc/articles/PMC7708923/bin/12934_2020_1463_MOESM7_ESM.xlsx HTTP/1.1" 200 7980
30-Jan-22 15-31-41-https://www.ncbi.nlm.nih.gov:443 "GET /labs/pmc/articles/PMC7708923/bin/12934_2020_1463_MOESM8_ESM.xlsx HTTP/1.1" 200 7428
30-Jan-22 15-31-42-https://www.ncbi.nlm.nih.gov:443 "GET /labs/pmc/articles/PMC7708923/bin/12934_2020_1463_MOESM9_ESM.xlsx HTTP/1.1" 200 7394
30-Jan-22 15-31-42-https://www.ncbi.nlm.nih.gov:443 "GET /labs/pmc/articles/PMC7708923/bin/12934_2020_1463_MOESM10_ESM.xlsx HTTP/1.1" 200 7214
30-Jan-22 15-31-43-https://www.ncbi.nlm.nih.gov:443 "GET /labs/pmc/articles/PMC7708923/bin/12934_2020_1463_MOESM11_ESM.xlsx HTTP/1.1" 200 6579
30-Jan-22 15-31-43-Resetting dropped connection: www.ncbi.nlm.nih.gov
30-Jan-22 15-31-45-https://www.ncbi.nlm.nih.gov:443 "GET /labs/pmc/articles/PMC7708923/bin/12934_2020_1463_MOESM12_ESM.xlsx HTTP/1.1" 200 6117
30-Jan-22 15-31-46-https://www.ncbi.nlm.nih.gov:443 "GET /labs/pmc/articles/PMC7708923/bin/12934_2020_1463_MOESM13_ESM.xlsx HTTP/1.1" 200 6857
30-Jan-22 15-31-47-https://www.ncbi.nlm.nih.gov:443 "GET /labs/pmc/articles/PMC7708923/bin/12934_2020_1463_MOESM14_ESM.xlsx HTTP/1.1" 200 6233
30-Jan-22 15-31-47-https://www.ncbi.nlm.nih.gov:443 "GET /labs/pmc/articles/PMC7708923/bin/12934_2020_1463_MOESM15_ESM.tif HTTP/1.1" 200 None
30-Jan-22 15-32-18-Resetting dropped connection: www.ncbi.nlm.nih.gov
30-Jan-22 15-32-20-https://www.ncbi.nlm.nih.gov:443 "GET /labs/pmc/articles/PMC7721221 HTTP/1.1" 301 120
30-Jan-22 15-32-21-https://www.ncbi.nlm.nih.gov:443 "GET /labs/pmc/articles/PMC7721221/ HTTP/1.1" 200 None
30-Jan-22 15-32-22-https://www.ncbi.nlm.nih.gov:443 "GET /labs/pmc/articles/PMC7721221/bin/ct9-11-e00235-s001.pdf HTTP/1.1" 200 295980
30-Jan-22 15-32-24-https://www.ncbi.nlm.nih.gov:443 "GET /labs/pmc/articles/PMC7721221/bin/ct9-11-e00235-s002.pdf HTTP/1.1" 200 93976
30-Jan-22 15-32-25-https://www.ncbi.nlm.nih.gov:443 "GET /labs/pmc/articles/PMC7721221/bin/ct9-11-e00235-s003.pdf HTTP/1.1" 200 248114
30-Jan-22 15-32-26-https://www.ncbi.nlm.nih.gov:443 "GET /labs/pmc/articles/PMC7721221/bin/ct9-11-e00235-s004.pdf HTTP/1.1" 200 23441
30-Jan-22 15-32-26-Resetting dropped connection: www.ncbi.nlm.nih.gov
30-Jan-22 15-32-29-https://www.ncbi.nlm.nih.gov:443 "GET /labs/pmc/articles/PMC7721221/bin/ct9-11-e00235-s005.pdf HTTP/1.1" 200 52860
30-Jan-22 15-32-29-Starting new HTTPS connection (2): www.ncbi.nlm.nih.gov:443
30-Jan-22 15-32-32-https://www.ncbi.nlm.nih.gov:443 "GET /labs/pmc/articles/PMC7721221/bin/ct9-11-e00235-s007.pdf HTTP/1.1" 200 213745
